#
# There is insufficient memory for the Java Runtime Environment to continue.
# Native memory allocation (malloc) failed to allocate 1048576 bytes for AllocateHeap
# Possible reasons:
#   The system is out of physical RAM or swap space
#   The process is running with CompressedOops enabled, and the Java Heap may be blocking the growth of the native heap
# Possible solutions:
#   Reduce memory load on the system
#   Increase physical memory or swap space
#   Check if swap backing store is full
#   Decrease Java heap size (-Xmx/-Xms)
#   Decrease number of Java threads
#   Decrease Java thread stack sizes (-Xss)
#   Set larger code cache with -XX:ReservedCodeCacheSize=
#   JVM is running with Unscaled Compressed Oops mode in which the Java heap is
#     placed in the first 4GB address space. The Java Heap base address is the
#     maximum limit for the native heap growth. Please use -XX:HeapBaseMinAddress
#     to set the Java Heap base and to place the Java Heap above 4GB virtual address.
# This output file may be truncated or incomplete.
#
#  Out of Memory Error (allocation.cpp:44), pid=31904, tid=32684
#
# JRE version:  (17.0.7+8) (build )
# Java VM: Java HotSpot(TM) 64-Bit Server VM (17.0.7+8-LTS-224, mixed mode, sharing, tiered, compressed oops, compressed class ptrs, g1 gc, windows-amd64)
# No core dump will be written. Minidumps are not enabled by default on client versions of Windows
#

---------------  S U M M A R Y ------------

Command Line: -Dfile.encoding=UTF-8 --module-path=C:\Users\Asus Vivobook\Documents\NetBeansProjects\Travel Management System\build\classes travel.management.system.AddCustomer

Host: AMD Ryzen 5 5500U with Radeon Graphics         , 12 cores, 7G,  Windows 11 , 64 bit Build 22621 (10.0.22621.2215)
Time: Mon Oct 30 10:16:19 2023 India Standard Time elapsed time: 0.018104 seconds (0d 0h 0m 0s)

---------------  T H R E A D  ---------------

Current thread (0x000001fc57469880):  JavaThread "Unknown thread" [_thread_in_vm, id=32684, stack(0x0000008895000000,0x0000008895100000)]

Stack: [0x0000008895000000,0x0000008895100000]
Native frames: (J=compiled Java code, j=interpreted, Vv=VM code, C=native code)
V  [jvm.dll+0x676a4a]
V  [jvm.dll+0x7d74f4]
V  [jvm.dll+0x7d8c9e]
V  [jvm.dll+0x7d9303]
V  [jvm.dll+0x2452c5]
V  [jvm.dll+0xa50a3]
V  [jvm.dll+0x2d5787]
V  [jvm.dll+0x7a8f7c]
V  [jvm.dll+0x3670e1]
V  [jvm.dll+0x788359]
V  [jvm.dll+0x3ea5ef]
V  [jvm.dll+0x3ec071]
C  [jli.dll+0x5297]
C  [ucrtbase.dll+0x29363]
C  [KERNEL32.DLL+0x1257d]
C  [ntdll.dll+0x5aa68]


---------------  P R O C E S S  ---------------

Threads class SMR info:
_java_thread_list=0x00007ffa8d844998, length=0, elements={
}

Java Threads: ( => current thread )

Other Threads:

=>0x000001fc57469880 (exited) JavaThread "Unknown thread" [_thread_in_vm, id=32684, stack(0x0000008895000000,0x0000008895100000)]

Threads with active compile tasks:

VM state: not at safepoint (not fully initialized)

VM Mutex/Monitor currently owned by a thread: None

Heap address: 0x0000000000000000, size: 0 MB, Compressed Oops mode: 32-bit

CDS archive(s) mapped at: [0x0000000000000000-0x0000000000000000-0x0000000000000000), size 0, SharedBaseAddress: 0x0000000800000000, ArchiveRelocationMode: 0.
Narrow klass base: 0x0000000000000000, Narrow klass shift: 0, Narrow klass range: 0x0

GC Precious Log:
<Empty>

GC Heap History (0 events):
No events

Deoptimization events (0 events):
No events

Classes unloaded (0 events):
No events

Classes redefined (0 events):
No events

Internal exceptions (0 events):
No events

VM Operations (0 events):
No events

Events (1 events):
Event: 0.011 Loaded shared library C:\Program Files\Java\jdk-17\bin\java.dll


Dynamic libraries:
0x00007ff6f0470000 - 0x00007ff6f0480000 	C:\Program Files\Java\jdk-17\bin\java.exe
0x00007ffb1bcf0000 - 0x00007ffb1bf04000 	C:\WINDOWS\SYSTEM32\ntdll.dll
0x00007ffb1b300000 - 0x00007ffb1b3c4000 	C:\WINDOWS\System32\KERNEL32.DLL
0x00007ffb190a0000 - 0x00007ffb19444000 	C:\WINDOWS\System32\KERNELBASE.dll
0x00007ffb19840000 - 0x00007ffb19951000 	C:\WINDOWS\System32\ucrtbase.dll
0x00007ffae34d0000 - 0x00007ffae34eb000 	C:\Program Files\Java\jdk-17\bin\VCRUNTIME140.dll
0x00007ffb13090000 - 0x00007ffb130a9000 	C:\Program Files\Java\jdk-17\bin\jli.dll
0x00007ffb1a3b0000 - 0x00007ffb1a460000 	C:\WINDOWS\System32\ADVAPI32.dll
0x00007ffb1ada0000 - 0x00007ffb1ae47000 	C:\WINDOWS\System32\msvcrt.dll
0x00007ffb1a9f0000 - 0x00007ffb1aa96000 	C:\WINDOWS\System32\sechost.dll
0x00007ffb1b090000 - 0x00007ffb1b1a7000 	C:\WINDOWS\System32\RPCRT4.dll
0x00007ffb1aae0000 - 0x00007ffb1ac8e000 	C:\WINDOWS\System32\USER32.dll
0x00007ffb196f0000 - 0x00007ffb19716000 	C:\WINDOWS\System32\win32u.dll
0x00007ffb0f090000 - 0x00007ffb0f323000 	C:\WINDOWS\WinSxS\amd64_microsoft.windows.common-controls_6595b64144ccf1df_6.0.22621.2215_none_270d72677387dfc3\COMCTL32.dll
0x00007ffb1a6c0000 - 0x00007ffb1a6e9000 	C:\WINDOWS\System32\GDI32.dll
0x00007ffb19960000 - 0x00007ffb19a78000 	C:\WINDOWS\System32\gdi32full.dll
0x00007ffb19720000 - 0x00007ffb197ba000 	C:\WINDOWS\System32\msvcp_win.dll
0x00007ffb112d0000 - 0x00007ffb112da000 	C:\WINDOWS\SYSTEM32\VERSION.dll
0x00007ffb1aaa0000 - 0x00007ffb1aad1000 	C:\WINDOWS\System32\IMM32.DLL
0x00007ffb08a30000 - 0x00007ffb08a3c000 	C:\Program Files\Java\jdk-17\bin\vcruntime140_1.dll
0x00007ffacd6c0000 - 0x00007ffacd74e000 	C:\Program Files\Java\jdk-17\bin\msvcp140.dll
0x00007ffa8cd90000 - 0x00007ffa8d96d000 	C:\Program Files\Java\jdk-17\bin\server\jvm.dll
0x00007ffb1aff0000 - 0x00007ffb1aff8000 	C:\WINDOWS\System32\PSAPI.DLL
0x00007ffb06570000 - 0x00007ffb06579000 	C:\WINDOWS\SYSTEM32\WSOCK32.dll
0x00007ffb11fd0000 - 0x00007ffb12004000 	C:\WINDOWS\SYSTEM32\WINMM.dll
0x00007ffb1ad20000 - 0x00007ffb1ad91000 	C:\WINDOWS\System32\WS2_32.dll
0x00007ffb181e0000 - 0x00007ffb181f8000 	C:\WINDOWS\SYSTEM32\kernel.appcore.dll
0x00007ffb04f60000 - 0x00007ffb04f6a000 	C:\Program Files\Java\jdk-17\bin\jimage.dll
0x00007ffb16880000 - 0x00007ffb16aae000 	C:\WINDOWS\SYSTEM32\DBGHELP.DLL
0x00007ffb1a000000 - 0x00007ffb1a38a000 	C:\WINDOWS\System32\combase.dll
0x00007ffb1a5e0000 - 0x00007ffb1a6b7000 	C:\WINDOWS\System32\OLEAUT32.dll
0x00007ffb0ea80000 - 0x00007ffb0eab2000 	C:\WINDOWS\SYSTEM32\dbgcore.DLL
0x00007ffb197c0000 - 0x00007ffb1983a000 	C:\WINDOWS\System32\bcryptPrimitives.dll
0x00007ffacdfd0000 - 0x00007ffacdff5000 	C:\Program Files\Java\jdk-17\bin\java.dll

dbghelp: loaded successfully - version: 4.0.5 - missing functions: none
symbol engine: initialized successfully - sym options: 0x614 - pdb path: .;C:\Program Files\Java\jdk-17\bin;C:\WINDOWS\SYSTEM32;C:\WINDOWS\WinSxS\amd64_microsoft.windows.common-controls_6595b64144ccf1df_6.0.22621.2215_none_270d72677387dfc3;C:\Program Files\Java\jdk-17\bin\server

VM Arguments:
jvm_args: -Dfile.encoding=UTF-8 --module-path=C:\Users\Asus Vivobook\Documents\NetBeansProjects\Travel Management System\build\classes 
java_command: travel.management.system.AddCustomer
java_class_path (initial): C:\Users\Asus Vivobook\Downloads\mysql-connector-java-8.0.28.jar;C:\Users\Asus Vivobook\Documents\NetBeansProjects\Travel Management System\build\classes
Launcher Type: SUN_STANDARD

[Global flags]
     intx CICompilerCount                          = 4                                         {product} {ergonomic}
     uint ConcGCThreads                            = 3                                         {product} {ergonomic}
     uint G1ConcRefinementThreads                  = 10                                        {product} {ergonomic}
   size_t G1HeapRegionSize                         = 1048576                                   {product} {ergonomic}
    uintx GCDrainStackTargetSize                   = 64                                        {product} {ergonomic}
   size_t InitialHeapSize                          = 125829120                                 {product} {ergonomic}
   size_t MarkStackSize                            = 4194304                                   {product} {ergonomic}
   size_t MaxHeapSize                              = 1983905792                                {product} {ergonomic}
   size_t MinHeapDeltaBytes                        = 1048576                                   {product} {ergonomic}
   size_t MinHeapSize                              = 8388608                                   {product} {ergonomic}
    uintx NonNMethodCodeHeapSize                   = 5839372                                {pd product} {ergonomic}
    uintx NonProfiledCodeHeapSize                  = 122909434                              {pd product} {ergonomic}
    uintx ProfiledCodeHeapSize                     = 122909434                              {pd product} {ergonomic}
    uintx ReservedCodeCacheSize                    = 251658240                              {pd product} {ergonomic}
     bool SegmentedCodeCache                       = true                                      {product} {ergonomic}
   size_t SoftMaxHeapSize                          = 1983905792                             {manageable} {ergonomic}
     bool UseCompressedClassPointers               = true                           {product lp64_product} {ergonomic}
     bool UseCompressedOops                        = true                           {product lp64_product} {ergonomic}
     bool UseG1GC                                  = true                                      {product} {ergonomic}
     bool UseLargePagesIndividualAllocation        = false                                  {pd product} {ergonomic}

Logging:
Log output configuration:
 #0: stdout all=warning uptime,level,tags
 #1: stderr all=off uptime,level,tags

Environment Variables:
PATH=C:\Program Files\Common Files\Oracle\Java\javapath;C:\WINDOWS\system32;C:\WINDOWS;C:\WINDOWS\System32\Wbem;C:\WINDOWS\System32\WindowsPowerShell\v1.0\;C:\WINDOWS\System32\OpenSSH\;C:\Program Files\Java\jdk1.7.0_51\bin;C:\Program Files\Microsoft SQL Server\150\Tools\Binn\;C:\Program Files\Microsoft SQL Server\Client SDK\ODBC\170\Tools\Binn\;C:\Program Files\dotnet\;C:\Program Files\MySQL\MySQL Shell 8.0\bin\;C:\Users\Asus Vivobook\AppData\Local\Programs\Python\Python310\Scripts\;C:\Users\Asus Vivobook\AppData\Local\Programs\Python\Python310\;C:\Users\Asus Vivobook\AppData\Local\Microsoft\WindowsApps;;C:\Users\Asus Vivobook\AppData\Local\Programs\Microsoft VS Code\bin;C:\Users\Asus Vivobook\.dotnet\tools
USERNAME=Asus Vivobook
OS=Windows_NT
PROCESSOR_IDENTIFIER=AMD64 Family 23 Model 104 Stepping 1, AuthenticAMD



---------------  S Y S T E M  ---------------

OS:
 Windows 11 , 64 bit Build 22621 (10.0.22621.2215)
OS uptime: 1 days 11:02 hours
Hyper-V role detected

CPU: total 12 (initial active 12) (12 cores per cpu, 2 threads per core) family 23 model 104 stepping 1 microcode 0x0, cx8, cmov, fxsr, ht, mmx, 3dnowpref, sse, sse2, sse3, ssse3, sse4a, sse4.1, sse4.2, popcnt, lzcnt, tsc, tscinvbit, avx, avx2, aes, clmul, bmi1, bmi2, adx, sha, fma, vzeroupper, clflush, clflushopt, hv

Memory: 4k page, system-wide physical 7563M (444M free)
TotalPageFile size 31115M (AvailPageFile size 6M)
current process WorkingSet (physical memory assigned to process): 10M, peak: 10M
current process commit charge ("private bytes"): 18M, peak: 19M

vm_info: Java HotSpot(TM) 64-Bit Server VM (17.0.7+8-LTS-224) for windows-amd64 JRE (17.0.7+8-LTS-224), built on Feb 28 2023 23:03:02 by "mach5one" with MS VC++ 17.1 (VS2022)

END.
