#
# There is insufficient memory for the Java Runtime Environment to continue.
# Native memory allocation (mmap) failed to map 65536 bytes for Failed to commit metaspace.
# Possible reasons:
#   The system is out of physical RAM or swap space
#   The process is running with CompressedOops enabled, and the Java Heap may be blocking the growth of the native heap
# Possible solutions:
#   Reduce memory load on the system
#   Increase physical memory or swap space
#   Check if swap backing store is full
#   Decrease Java heap size (-Xmx/-Xms)
#   Decrease number of Java threads
#   Decrease Java thread stack sizes (-Xss)
#   Set larger code cache with -XX:ReservedCodeCacheSize=
#   JVM is running with Unscaled Compressed Oops mode in which the Java heap is
#     placed in the first 4GB address space. The Java Heap base address is the
#     maximum limit for the native heap growth. Please use -XX:HeapBaseMinAddress
#     to set the Java Heap base and to place the Java Heap above 4GB virtual address.
# This output file may be truncated or incomplete.
#
#  Out of Memory Error (virtualSpaceNode.cpp:110), pid=31196, tid=11320
#
# JRE version: Java(TM) SE Runtime Environment (17.0.7+8) (build 17.0.7+8-LTS-224)
# Java VM: Java HotSpot(TM) 64-Bit Server VM (17.0.7+8-LTS-224, mixed mode, sharing, tiered, compressed oops, compressed class ptrs, g1 gc, windows-amd64)
# No core dump will be written. Minidumps are not enabled by default on client versions of Windows
#

---------------  S U M M A R Y ------------

Command Line: -Dfile.encoding=UTF-8 --module-path=C:\Users\Asus Vivobook\Documents\NetBeansProjects\Travel Management System\build\classes travel.management.system.DeleteDetails

Host: AMD Ryzen 5 5500U with Radeon Graphics         , 12 cores, 7G,  Windows 11 , 64 bit Build 22621 (10.0.22621.1928)
Time: Thu Jul 20 15:03:40 2023 India Standard Time elapsed time: 1.154996 seconds (0d 0h 0m 1s)

---------------  T H R E A D  ---------------

Current thread (0x000001ef9a399fb0):  JavaThread "main" [_thread_in_vm, id=11320, stack(0x00000014ef100000,0x00000014ef200000)]

Stack: [0x00000014ef100000,0x00000014ef200000]
Native frames: (J=compiled Java code, j=interpreted, Vv=VM code, C=native code)
V  [jvm.dll+0x676a4a]
V  [jvm.dll+0x7d74f4]
V  [jvm.dll+0x7d8c9e]
V  [jvm.dll+0x7d9303]
V  [jvm.dll+0x2452c5]
V  [jvm.dll+0x7d35fb]
V  [jvm.dll+0x61ca36]
V  [jvm.dll+0x61ca9a]
V  [jvm.dll+0x61f2bd]
V  [jvm.dll+0x61d3f6]
V  [jvm.dll+0x369442]
V  [jvm.dll+0x1e157b]
V  [jvm.dll+0x53cf35]
V  [jvm.dll+0x1f06da]
V  [jvm.dll+0x75156d]
V  [jvm.dll+0x752953]
V  [jvm.dll+0x752c88]
V  [jvm.dll+0x23d78b]
V  [jvm.dll+0x23d9df]
V  [jvm.dll+0x55af43]
V  [jvm.dll+0x55d3e4]
V  [jvm.dll+0x3809b1]
V  [jvm.dll+0x380452]
C  0x000001efa9168a88

Java frames: (J=compiled Java code, j=interpreted, Vv=VM code)
j  java.net.URLDecoder.<clinit>()V+0 java.base@17.0.7
v  ~StubRoutines::call_stub
j  com.mysql.cj.conf.ConnectionUrlParser.decodeSkippingPlusSign(Ljava/lang/String;)Ljava/lang/String;+25
j  com.mysql.cj.conf.ConnectionUrlParser.isConnectionStringSupported(Ljava/lang/String;)Z+39
j  com.mysql.cj.conf.ConnectionUrl.acceptsUrl(Ljava/lang/String;)Z+1
j  com.mysql.cj.jdbc.NonRegisteringDriver.connect(Ljava/lang/String;Ljava/util/Properties;)Ljava/sql/Connection;+1
j  java.sql.DriverManager.getConnection(Ljava/lang/String;Ljava/util/Properties;Ljava/lang/Class;)Ljava/sql/Connection;+131 java.sql@17.0.7
j  java.sql.DriverManager.getConnection(Ljava/lang/String;Ljava/lang/String;Ljava/lang/String;)Ljava/sql/Connection;+37 java.sql@17.0.7
j  travel.management.system.Conn.<init>()V+17
j  travel.management.system.DeleteDetails.<init>(Ljava/lang/String;)V+1065
j  travel.management.system.DeleteDetails.main([Ljava/lang/String;)V+6
v  ~StubRoutines::call_stub

---------------  P R O C E S S  ---------------

Threads class SMR info:
_java_thread_list=0x000001efb98f75d0, length=18, elements={
0x000001ef9a399fb0, 0x000001efb83d4bb0, 0x000001efb83d9980, 0x000001efb83ecbf0,
0x000001efb83ed5a0, 0x000001efb83ee970, 0x000001efb83f0f40, 0x000001efb83fc0b0,
0x000001efb8404770, 0x000001efb8436490, 0x000001efb83bc4e0, 0x000001efb9152b10,
0x000001efb92e6e90, 0x000001efb9332590, 0x000001efb9335730, 0x000001efb98f8ec0,
0x000001efb99e4a10, 0x000001efb91c4100
}

Java Threads: ( => current thread )
=>0x000001ef9a399fb0 JavaThread "main" [_thread_in_vm, id=11320, stack(0x00000014ef100000,0x00000014ef200000)]
  0x000001efb83d4bb0 JavaThread "Reference Handler" daemon [_thread_blocked, id=31324, stack(0x00000014ef800000,0x00000014ef900000)]
  0x000001efb83d9980 JavaThread "Finalizer" daemon [_thread_blocked, id=4248, stack(0x00000014ef900000,0x00000014efa00000)]
  0x000001efb83ecbf0 JavaThread "Signal Dispatcher" daemon [_thread_blocked, id=25712, stack(0x00000014efa00000,0x00000014efb00000)]
  0x000001efb83ed5a0 JavaThread "Attach Listener" daemon [_thread_blocked, id=12384, stack(0x00000014efb00000,0x00000014efc00000)]
  0x000001efb83ee970 JavaThread "Service Thread" daemon [_thread_blocked, id=29596, stack(0x00000014efc00000,0x00000014efd00000)]
  0x000001efb83f0f40 JavaThread "Monitor Deflation Thread" daemon [_thread_blocked, id=20656, stack(0x00000014efd00000,0x00000014efe00000)]
  0x000001efb83fc0b0 JavaThread "C2 CompilerThread0" daemon [_thread_blocked, id=31624, stack(0x00000014efe00000,0x00000014eff00000)]
  0x000001efb8404770 JavaThread "C1 CompilerThread0" daemon [_thread_blocked, id=31492, stack(0x00000014eff00000,0x00000014f0000000)]
  0x000001efb8436490 JavaThread "Sweeper thread" daemon [_thread_blocked, id=11768, stack(0x00000014f0000000,0x00000014f0100000)]
  0x000001efb83bc4e0 JavaThread "Common-Cleaner" daemon [_thread_blocked, id=27628, stack(0x00000014f0100000,0x00000014f0200000)]
  0x000001efb9152b10 JavaThread "Notification Thread" daemon [_thread_blocked, id=18100, stack(0x00000014f0200000,0x00000014f0300000)]
  0x000001efb92e6e90 JavaThread "Java2D Disposer" daemon [_thread_blocked, id=6060, stack(0x00000014f0400000,0x00000014f0500000)]
  0x000001efb9332590 JavaThread "AWT-Shutdown" [_thread_blocked, id=31432, stack(0x00000014f0500000,0x00000014f0600000)]
  0x000001efb9335730 JavaThread "AWT-Windows" daemon [_thread_in_native, id=20604, stack(0x00000014f0600000,0x00000014f0700000)]
  0x000001efb98f8ec0 JavaThread "Image Fetcher 0" daemon [_thread_blocked, id=2272, stack(0x00000014f1100000,0x00000014f1200000)]
  0x000001efb99e4a10 JavaThread "C2 CompilerThread1" daemon [_thread_blocked, id=13052, stack(0x00000014f1200000,0x00000014f1300000)]
  0x000001efb91c4100 JavaThread "mysql-cj-abandoned-connection-cleanup" daemon [_thread_blocked, id=24956, stack(0x00000014f1300000,0x00000014f1400000)]

Other Threads:
  0x000001efb83d00f0 VMThread "VM Thread" [stack: 0x00000014ef700000,0x00000014ef800000] [id=31436]
  0x000001ef9a420850 WatcherThread [stack: 0x00000014f0300000,0x00000014f0400000] [id=24760]
  0x000001ef9a3f0000 GCTaskThread "GC Thread#0" [stack: 0x00000014ef200000,0x00000014ef300000] [id=29516]
  0x000001ef9a401740 ConcurrentGCThread "G1 Main Marker" [stack: 0x00000014ef300000,0x00000014ef400000] [id=3736]
  0x000001ef9a4037a0 ConcurrentGCThread "G1 Conc#0" [stack: 0x00000014ef400000,0x00000014ef500000] [id=20968]
  0x000001efb82920b0 ConcurrentGCThread "G1 Refine#0" [stack: 0x00000014ef500000,0x00000014ef600000] [id=17836]
  0x000001efb8292780 ConcurrentGCThread "G1 Service" [stack: 0x00000014ef600000,0x00000014ef700000] [id=31700]

Threads with active compile tasks:

VM state: not at safepoint (normal execution)

VM Mutex/Monitor currently owned by a thread:  ([mutex/lock_event])
[0x000001ef9a394fc0] Metaspace_lock - owner thread: 0x000001ef9a399fb0

Heap address: 0x0000000089c00000, size: 1892 MB, Compressed Oops mode: 32-bit

CDS archive(s) mapped at: [0x0000000800000000-0x0000000800bd0000-0x0000000800bd0000), size 12386304, SharedBaseAddress: 0x0000000800000000, ArchiveRelocationMode: 0.
Compressed class space mapped at: 0x0000000800c00000-0x0000000840c00000, reserved size: 1073741824
Narrow klass base: 0x0000000800000000, Narrow klass shift: 0, Narrow klass range: 0x100000000

GC Precious Log:
 CPUs: 12 total, 12 available
 Memory: 7563M
 Large Page Support: Disabled
 NUMA Support: Disabled
 Compressed Oops: Enabled (32-bit)
 Heap Region Size: 1M
 Heap Min Capacity: 8M
 Heap Initial Capacity: 120M
 Heap Max Capacity: 1892M
 Pre-touch: Disabled
 Parallel Workers: 10
 Concurrent Workers: 3
 Concurrent Refinement Workers: 10
 Periodic GC: Disabled

Heap:
 garbage-first heap   total 122880K, used 8192K [0x0000000089c00000, 0x0000000100000000)
  region size 1024K, 9 young (9216K), 0 survivors (0K)
 Metaspace       used 5341K, committed 5504K, reserved 1056768K
  class space    used 572K, committed 640K, reserved 1048576K

Heap Regions: E=young(eden), S=young(survivor), O=old, HS=humongous(starts), HC=humongous(continues), CS=collection set, F=free, OA=open archive, CA=closed archive, TAMS=top-at-mark-start (previous, next)
|   0|0x0000000089c00000, 0x0000000089c00000, 0x0000000089d00000|  0%| F|  |TAMS 0x0000000089c00000, 0x0000000089c00000| Untracked 
|   1|0x0000000089d00000, 0x0000000089d00000, 0x0000000089e00000|  0%| F|  |TAMS 0x0000000089d00000, 0x0000000089d00000| Untracked 
|   2|0x0000000089e00000, 0x0000000089e00000, 0x0000000089f00000|  0%| F|  |TAMS 0x0000000089e00000, 0x0000000089e00000| Untracked 
|   3|0x0000000089f00000, 0x0000000089f00000, 0x000000008a000000|  0%| F|  |TAMS 0x0000000089f00000, 0x0000000089f00000| Untracked 
|   4|0x000000008a000000, 0x000000008a000000, 0x000000008a100000|  0%| F|  |TAMS 0x000000008a000000, 0x000000008a000000| Untracked 
|   5|0x000000008a100000, 0x000000008a100000, 0x000000008a200000|  0%| F|  |TAMS 0x000000008a100000, 0x000000008a100000| Untracked 
|   6|0x000000008a200000, 0x000000008a200000, 0x000000008a300000|  0%| F|  |TAMS 0x000000008a200000, 0x000000008a200000| Untracked 
|   7|0x000000008a300000, 0x000000008a300000, 0x000000008a400000|  0%| F|  |TAMS 0x000000008a300000, 0x000000008a300000| Untracked 
|   8|0x000000008a400000, 0x000000008a400000, 0x000000008a500000|  0%| F|  |TAMS 0x000000008a400000, 0x000000008a400000| Untracked 
|   9|0x000000008a500000, 0x000000008a500000, 0x000000008a600000|  0%| F|  |TAMS 0x000000008a500000, 0x000000008a500000| Untracked 
|  10|0x000000008a600000, 0x000000008a600000, 0x000000008a700000|  0%| F|  |TAMS 0x000000008a600000, 0x000000008a600000| Untracked 
|  11|0x000000008a700000, 0x000000008a700000, 0x000000008a800000|  0%| F|  |TAMS 0x000000008a700000, 0x000000008a700000| Untracked 
|  12|0x000000008a800000, 0x000000008a800000, 0x000000008a900000|  0%| F|  |TAMS 0x000000008a800000, 0x000000008a800000| Untracked 
|  13|0x000000008a900000, 0x000000008a900000, 0x000000008aa00000|  0%| F|  |TAMS 0x000000008a900000, 0x000000008a900000| Untracked 
|  14|0x000000008aa00000, 0x000000008aa00000, 0x000000008ab00000|  0%| F|  |TAMS 0x000000008aa00000, 0x000000008aa00000| Untracked 
|  15|0x000000008ab00000, 0x000000008ab00000, 0x000000008ac00000|  0%| F|  |TAMS 0x000000008ab00000, 0x000000008ab00000| Untracked 
|  16|0x000000008ac00000, 0x000000008ac00000, 0x000000008ad00000|  0%| F|  |TAMS 0x000000008ac00000, 0x000000008ac00000| Untracked 
|  17|0x000000008ad00000, 0x000000008ad00000, 0x000000008ae00000|  0%| F|  |TAMS 0x000000008ad00000, 0x000000008ad00000| Untracked 
|  18|0x000000008ae00000, 0x000000008ae00000, 0x000000008af00000|  0%| F|  |TAMS 0x000000008ae00000, 0x000000008ae00000| Untracked 
|  19|0x000000008af00000, 0x000000008af00000, 0x000000008b000000|  0%| F|  |TAMS 0x000000008af00000, 0x000000008af00000| Untracked 
|  20|0x000000008b000000, 0x000000008b000000, 0x000000008b100000|  0%| F|  |TAMS 0x000000008b000000, 0x000000008b000000| Untracked 
|  21|0x000000008b100000, 0x000000008b100000, 0x000000008b200000|  0%| F|  |TAMS 0x000000008b100000, 0x000000008b100000| Untracked 
|  22|0x000000008b200000, 0x000000008b200000, 0x000000008b300000|  0%| F|  |TAMS 0x000000008b200000, 0x000000008b200000| Untracked 
|  23|0x000000008b300000, 0x000000008b300000, 0x000000008b400000|  0%| F|  |TAMS 0x000000008b300000, 0x000000008b300000| Untracked 
|  24|0x000000008b400000, 0x000000008b400000, 0x000000008b500000|  0%| F|  |TAMS 0x000000008b400000, 0x000000008b400000| Untracked 
|  25|0x000000008b500000, 0x000000008b500000, 0x000000008b600000|  0%| F|  |TAMS 0x000000008b500000, 0x000000008b500000| Untracked 
|  26|0x000000008b600000, 0x000000008b600000, 0x000000008b700000|  0%| F|  |TAMS 0x000000008b600000, 0x000000008b600000| Untracked 
|  27|0x000000008b700000, 0x000000008b700000, 0x000000008b800000|  0%| F|  |TAMS 0x000000008b700000, 0x000000008b700000| Untracked 
|  28|0x000000008b800000, 0x000000008b800000, 0x000000008b900000|  0%| F|  |TAMS 0x000000008b800000, 0x000000008b800000| Untracked 
|  29|0x000000008b900000, 0x000000008b900000, 0x000000008ba00000|  0%| F|  |TAMS 0x000000008b900000, 0x000000008b900000| Untracked 
|  30|0x000000008ba00000, 0x000000008ba00000, 0x000000008bb00000|  0%| F|  |TAMS 0x000000008ba00000, 0x000000008ba00000| Untracked 
|  31|0x000000008bb00000, 0x000000008bb00000, 0x000000008bc00000|  0%| F|  |TAMS 0x000000008bb00000, 0x000000008bb00000| Untracked 
|  32|0x000000008bc00000, 0x000000008bc00000, 0x000000008bd00000|  0%| F|  |TAMS 0x000000008bc00000, 0x000000008bc00000| Untracked 
|  33|0x000000008bd00000, 0x000000008bd00000, 0x000000008be00000|  0%| F|  |TAMS 0x000000008bd00000, 0x000000008bd00000| Untracked 
|  34|0x000000008be00000, 0x000000008be00000, 0x000000008bf00000|  0%| F|  |TAMS 0x000000008be00000, 0x000000008be00000| Untracked 
|  35|0x000000008bf00000, 0x000000008bf00000, 0x000000008c000000|  0%| F|  |TAMS 0x000000008bf00000, 0x000000008bf00000| Untracked 
|  36|0x000000008c000000, 0x000000008c000000, 0x000000008c100000|  0%| F|  |TAMS 0x000000008c000000, 0x000000008c000000| Untracked 
|  37|0x000000008c100000, 0x000000008c100000, 0x000000008c200000|  0%| F|  |TAMS 0x000000008c100000, 0x000000008c100000| Untracked 
|  38|0x000000008c200000, 0x000000008c200000, 0x000000008c300000|  0%| F|  |TAMS 0x000000008c200000, 0x000000008c200000| Untracked 
|  39|0x000000008c300000, 0x000000008c300000, 0x000000008c400000|  0%| F|  |TAMS 0x000000008c300000, 0x000000008c300000| Untracked 
|  40|0x000000008c400000, 0x000000008c400000, 0x000000008c500000|  0%| F|  |TAMS 0x000000008c400000, 0x000000008c400000| Untracked 
|  41|0x000000008c500000, 0x000000008c500000, 0x000000008c600000|  0%| F|  |TAMS 0x000000008c500000, 0x000000008c500000| Untracked 
|  42|0x000000008c600000, 0x000000008c600000, 0x000000008c700000|  0%| F|  |TAMS 0x000000008c600000, 0x000000008c600000| Untracked 
|  43|0x000000008c700000, 0x000000008c700000, 0x000000008c800000|  0%| F|  |TAMS 0x000000008c700000, 0x000000008c700000| Untracked 
|  44|0x000000008c800000, 0x000000008c800000, 0x000000008c900000|  0%| F|  |TAMS 0x000000008c800000, 0x000000008c800000| Untracked 
|  45|0x000000008c900000, 0x000000008c900000, 0x000000008ca00000|  0%| F|  |TAMS 0x000000008c900000, 0x000000008c900000| Untracked 
|  46|0x000000008ca00000, 0x000000008ca00000, 0x000000008cb00000|  0%| F|  |TAMS 0x000000008ca00000, 0x000000008ca00000| Untracked 
|  47|0x000000008cb00000, 0x000000008cb00000, 0x000000008cc00000|  0%| F|  |TAMS 0x000000008cb00000, 0x000000008cb00000| Untracked 
|  48|0x000000008cc00000, 0x000000008cc00000, 0x000000008cd00000|  0%| F|  |TAMS 0x000000008cc00000, 0x000000008cc00000| Untracked 
|  49|0x000000008cd00000, 0x000000008cd00000, 0x000000008ce00000|  0%| F|  |TAMS 0x000000008cd00000, 0x000000008cd00000| Untracked 
|  50|0x000000008ce00000, 0x000000008ce00000, 0x000000008cf00000|  0%| F|  |TAMS 0x000000008ce00000, 0x000000008ce00000| Untracked 
|  51|0x000000008cf00000, 0x000000008cf00000, 0x000000008d000000|  0%| F|  |TAMS 0x000000008cf00000, 0x000000008cf00000| Untracked 
|  52|0x000000008d000000, 0x000000008d000000, 0x000000008d100000|  0%| F|  |TAMS 0x000000008d000000, 0x000000008d000000| Untracked 
|  53|0x000000008d100000, 0x000000008d100000, 0x000000008d200000|  0%| F|  |TAMS 0x000000008d100000, 0x000000008d100000| Untracked 
|  54|0x000000008d200000, 0x000000008d200000, 0x000000008d300000|  0%| F|  |TAMS 0x000000008d200000, 0x000000008d200000| Untracked 
|  55|0x000000008d300000, 0x000000008d300000, 0x000000008d400000|  0%| F|  |TAMS 0x000000008d300000, 0x000000008d300000| Untracked 
|  56|0x000000008d400000, 0x000000008d400000, 0x000000008d500000|  0%| F|  |TAMS 0x000000008d400000, 0x000000008d400000| Untracked 
|  57|0x000000008d500000, 0x000000008d500000, 0x000000008d600000|  0%| F|  |TAMS 0x000000008d500000, 0x000000008d500000| Untracked 
|  58|0x000000008d600000, 0x000000008d600000, 0x000000008d700000|  0%| F|  |TAMS 0x000000008d600000, 0x000000008d600000| Untracked 
|  59|0x000000008d700000, 0x000000008d700000, 0x000000008d800000|  0%| F|  |TAMS 0x000000008d700000, 0x000000008d700000| Untracked 
|  60|0x000000008d800000, 0x000000008d800000, 0x000000008d900000|  0%| F|  |TAMS 0x000000008d800000, 0x000000008d800000| Untracked 
|  61|0x000000008d900000, 0x000000008d900000, 0x000000008da00000|  0%| F|  |TAMS 0x000000008d900000, 0x000000008d900000| Untracked 
|  62|0x000000008da00000, 0x000000008da00000, 0x000000008db00000|  0%| F|  |TAMS 0x000000008da00000, 0x000000008da00000| Untracked 
|  63|0x000000008db00000, 0x000000008db00000, 0x000000008dc00000|  0%| F|  |TAMS 0x000000008db00000, 0x000000008db00000| Untracked 
|  64|0x000000008dc00000, 0x000000008dc00000, 0x000000008dd00000|  0%| F|  |TAMS 0x000000008dc00000, 0x000000008dc00000| Untracked 
|  65|0x000000008dd00000, 0x000000008dd00000, 0x000000008de00000|  0%| F|  |TAMS 0x000000008dd00000, 0x000000008dd00000| Untracked 
|  66|0x000000008de00000, 0x000000008de00000, 0x000000008df00000|  0%| F|  |TAMS 0x000000008de00000, 0x000000008de00000| Untracked 
|  67|0x000000008df00000, 0x000000008df00000, 0x000000008e000000|  0%| F|  |TAMS 0x000000008df00000, 0x000000008df00000| Untracked 
|  68|0x000000008e000000, 0x000000008e000000, 0x000000008e100000|  0%| F|  |TAMS 0x000000008e000000, 0x000000008e000000| Untracked 
|  69|0x000000008e100000, 0x000000008e100000, 0x000000008e200000|  0%| F|  |TAMS 0x000000008e100000, 0x000000008e100000| Untracked 
|  70|0x000000008e200000, 0x000000008e200000, 0x000000008e300000|  0%| F|  |TAMS 0x000000008e200000, 0x000000008e200000| Untracked 
|  71|0x000000008e300000, 0x000000008e300000, 0x000000008e400000|  0%| F|  |TAMS 0x000000008e300000, 0x000000008e300000| Untracked 
|  72|0x000000008e400000, 0x000000008e400000, 0x000000008e500000|  0%| F|  |TAMS 0x000000008e400000, 0x000000008e400000| Untracked 
|  73|0x000000008e500000, 0x000000008e500000, 0x000000008e600000|  0%| F|  |TAMS 0x000000008e500000, 0x000000008e500000| Untracked 
|  74|0x000000008e600000, 0x000000008e600000, 0x000000008e700000|  0%| F|  |TAMS 0x000000008e600000, 0x000000008e600000| Untracked 
|  75|0x000000008e700000, 0x000000008e700000, 0x000000008e800000|  0%| F|  |TAMS 0x000000008e700000, 0x000000008e700000| Untracked 
|  76|0x000000008e800000, 0x000000008e800000, 0x000000008e900000|  0%| F|  |TAMS 0x000000008e800000, 0x000000008e800000| Untracked 
|  77|0x000000008e900000, 0x000000008e900000, 0x000000008ea00000|  0%| F|  |TAMS 0x000000008e900000, 0x000000008e900000| Untracked 
|  78|0x000000008ea00000, 0x000000008ea00000, 0x000000008eb00000|  0%| F|  |TAMS 0x000000008ea00000, 0x000000008ea00000| Untracked 
|  79|0x000000008eb00000, 0x000000008eb00000, 0x000000008ec00000|  0%| F|  |TAMS 0x000000008eb00000, 0x000000008eb00000| Untracked 
|  80|0x000000008ec00000, 0x000000008ec00000, 0x000000008ed00000|  0%| F|  |TAMS 0x000000008ec00000, 0x000000008ec00000| Untracked 
|  81|0x000000008ed00000, 0x000000008ed00000, 0x000000008ee00000|  0%| F|  |TAMS 0x000000008ed00000, 0x000000008ed00000| Untracked 
|  82|0x000000008ee00000, 0x000000008ee00000, 0x000000008ef00000|  0%| F|  |TAMS 0x000000008ee00000, 0x000000008ee00000| Untracked 
|  83|0x000000008ef00000, 0x000000008ef00000, 0x000000008f000000|  0%| F|  |TAMS 0x000000008ef00000, 0x000000008ef00000| Untracked 
|  84|0x000000008f000000, 0x000000008f000000, 0x000000008f100000|  0%| F|  |TAMS 0x000000008f000000, 0x000000008f000000| Untracked 
|  85|0x000000008f100000, 0x000000008f100000, 0x000000008f200000|  0%| F|  |TAMS 0x000000008f100000, 0x000000008f100000| Untracked 
|  86|0x000000008f200000, 0x000000008f200000, 0x000000008f300000|  0%| F|  |TAMS 0x000000008f200000, 0x000000008f200000| Untracked 
|  87|0x000000008f300000, 0x000000008f300000, 0x000000008f400000|  0%| F|  |TAMS 0x000000008f300000, 0x000000008f300000| Untracked 
|  88|0x000000008f400000, 0x000000008f400000, 0x000000008f500000|  0%| F|  |TAMS 0x000000008f400000, 0x000000008f400000| Untracked 
|  89|0x000000008f500000, 0x000000008f500000, 0x000000008f600000|  0%| F|  |TAMS 0x000000008f500000, 0x000000008f500000| Untracked 
|  90|0x000000008f600000, 0x000000008f600000, 0x000000008f700000|  0%| F|  |TAMS 0x000000008f600000, 0x000000008f600000| Untracked 
|  91|0x000000008f700000, 0x000000008f700000, 0x000000008f800000|  0%| F|  |TAMS 0x000000008f700000, 0x000000008f700000| Untracked 
|  92|0x000000008f800000, 0x000000008f800000, 0x000000008f900000|  0%| F|  |TAMS 0x000000008f800000, 0x000000008f800000| Untracked 
|  93|0x000000008f900000, 0x000000008f900000, 0x000000008fa00000|  0%| F|  |TAMS 0x000000008f900000, 0x000000008f900000| Untracked 
|  94|0x000000008fa00000, 0x000000008fa00000, 0x000000008fb00000|  0%| F|  |TAMS 0x000000008fa00000, 0x000000008fa00000| Untracked 
|  95|0x000000008fb00000, 0x000000008fb00000, 0x000000008fc00000|  0%| F|  |TAMS 0x000000008fb00000, 0x000000008fb00000| Untracked 
|  96|0x000000008fc00000, 0x000000008fc00000, 0x000000008fd00000|  0%| F|  |TAMS 0x000000008fc00000, 0x000000008fc00000| Untracked 
|  97|0x000000008fd00000, 0x000000008fd00000, 0x000000008fe00000|  0%| F|  |TAMS 0x000000008fd00000, 0x000000008fd00000| Untracked 
|  98|0x000000008fe00000, 0x000000008fe00000, 0x000000008ff00000|  0%| F|  |TAMS 0x000000008fe00000, 0x000000008fe00000| Untracked 
|  99|0x000000008ff00000, 0x000000008ff00000, 0x0000000090000000|  0%| F|  |TAMS 0x000000008ff00000, 0x000000008ff00000| Untracked 
| 100|0x0000000090000000, 0x0000000090000000, 0x0000000090100000|  0%| F|  |TAMS 0x0000000090000000, 0x0000000090000000| Untracked 
| 101|0x0000000090100000, 0x0000000090100000, 0x0000000090200000|  0%| F|  |TAMS 0x0000000090100000, 0x0000000090100000| Untracked 
| 102|0x0000000090200000, 0x0000000090200000, 0x0000000090300000|  0%| F|  |TAMS 0x0000000090200000, 0x0000000090200000| Untracked 
| 103|0x0000000090300000, 0x0000000090300000, 0x0000000090400000|  0%| F|  |TAMS 0x0000000090300000, 0x0000000090300000| Untracked 
| 104|0x0000000090400000, 0x0000000090400000, 0x0000000090500000|  0%| F|  |TAMS 0x0000000090400000, 0x0000000090400000| Untracked 
| 105|0x0000000090500000, 0x0000000090500000, 0x0000000090600000|  0%| F|  |TAMS 0x0000000090500000, 0x0000000090500000| Untracked 
| 106|0x0000000090600000, 0x0000000090600000, 0x0000000090700000|  0%| F|  |TAMS 0x0000000090600000, 0x0000000090600000| Untracked 
| 107|0x0000000090700000, 0x0000000090700000, 0x0000000090800000|  0%| F|  |TAMS 0x0000000090700000, 0x0000000090700000| Untracked 
| 108|0x0000000090800000, 0x0000000090800000, 0x0000000090900000|  0%| F|  |TAMS 0x0000000090800000, 0x0000000090800000| Untracked 
| 109|0x0000000090900000, 0x0000000090900000, 0x0000000090a00000|  0%| F|  |TAMS 0x0000000090900000, 0x0000000090900000| Untracked 
| 110|0x0000000090a00000, 0x0000000090a00000, 0x0000000090b00000|  0%| F|  |TAMS 0x0000000090a00000, 0x0000000090a00000| Untracked 
| 111|0x0000000090b00000, 0x0000000090bf2c18, 0x0000000090c00000| 94%| E|  |TAMS 0x0000000090b00000, 0x0000000090b00000| Complete 
| 112|0x0000000090c00000, 0x0000000090d00000, 0x0000000090d00000|100%| E|CS|TAMS 0x0000000090c00000, 0x0000000090c00000| Complete 
| 113|0x0000000090d00000, 0x0000000090e00000, 0x0000000090e00000|100%| E|CS|TAMS 0x0000000090d00000, 0x0000000090d00000| Complete 
| 114|0x0000000090e00000, 0x0000000090f00000, 0x0000000090f00000|100%| E|CS|TAMS 0x0000000090e00000, 0x0000000090e00000| Complete 
| 115|0x0000000090f00000, 0x0000000091000000, 0x0000000091000000|100%| E|CS|TAMS 0x0000000090f00000, 0x0000000090f00000| Complete 
| 116|0x0000000091000000, 0x0000000091100000, 0x0000000091100000|100%| E|CS|TAMS 0x0000000091000000, 0x0000000091000000| Complete 
| 117|0x0000000091100000, 0x0000000091200000, 0x0000000091200000|100%| E|CS|TAMS 0x0000000091100000, 0x0000000091100000| Complete 
| 118|0x0000000091200000, 0x0000000091300000, 0x0000000091300000|100%| E|CS|TAMS 0x0000000091200000, 0x0000000091200000| Complete 
| 119|0x0000000091300000, 0x0000000091400000, 0x0000000091400000|100%| E|CS|TAMS 0x0000000091300000, 0x0000000091300000| Complete 

Card table byte_map: [0x000001efb1530000,0x000001efb18f0000] _byte_map_base: 0x000001efb10e2000

Marking Bits (Prev, Next): (CMBitMap*) 0x000001ef9a3f0610, (CMBitMap*) 0x000001ef9a3f0650
 Prev Bits: [0x000001efb1cb0000, 0x000001efb3a40000)
 Next Bits: [0x000001efb3a40000, 0x000001efb57d0000)

Polling page: 0x000001ef99b70000

Metaspace:

Usage:
  Non-class:      4.66 MB used.
      Class:    572.82 KB used.
       Both:      5.22 MB used.

Virtual space:
  Non-class space:        8.00 MB reserved,       4.75 MB ( 59%) committed,  1 nodes.
      Class space:        1.00 GB reserved,     640.00 KB ( <1%) committed,  1 nodes.
             Both:        1.01 GB reserved,       5.38 MB ( <1%) committed. 

Chunk freelists:
   Non-Class:  2.72 MB
       Class:  3.22 MB
        Both:  5.94 MB

MaxMetaspaceSize: unlimited
CompressedClassSpaceSize: 1.00 GB
Initial GC threshold: 21.00 MB
Current GC threshold: 21.00 MB
CDS: on
MetaspaceReclaimPolicy: balanced
 - commit_granule_bytes: 65536.
 - commit_granule_words: 8192.
 - virtual_space_node_default_size: 1048576.
 - enlarge_chunks_in_place: 1.
 - new_chunks_are_fully_committed: 0.
 - uncommit_free_chunks: 1.
 - use_allocation_guard: 0.
 - handle_deallocations: 1.


Internal statistics:

num_allocs_failed_limit: 0.
num_arena_births: 112.
num_arena_deaths: 0.
num_vsnodes_births: 2.
num_vsnodes_deaths: 0.
num_space_committed: 86.
num_space_uncommitted: 0.
num_chunks_returned_to_freelist: 0.
num_chunks_taken_from_freelist: 164.
num_chunk_merges: 0.
num_chunk_splits: 90.
num_chunks_enlarged: 32.
num_purges: 0.
num_inconsistent_stats: 0.

CodeHeap 'non-profiled nmethods': size=120000Kb used=218Kb max_used=218Kb free=119781Kb
 bounds [0x000001efa96f0000, 0x000001efa9960000, 0x000001efb0c20000]
CodeHeap 'profiled nmethods': size=120000Kb used=1116Kb max_used=1116Kb free=118883Kb
 bounds [0x000001efa1c20000, 0x000001efa1e90000, 0x000001efa9150000]
CodeHeap 'non-nmethods': size=5760Kb used=1215Kb max_used=1229Kb free=4544Kb
 bounds [0x000001efa9150000, 0x000001efa93c0000, 0x000001efa96f0000]
 total_blobs=1254 nmethods=729 adapters=438
 compilation: enabled
              stopped_count=0, restarted_count=0
 full_count=0

Compilation events (20 events):
Event: 1.139 Thread 0x000001efb8404770  717       3       java.lang.invoke.InnerClassLambdaMetafactory::getOpcodeOffset (38 bytes)
Event: 1.139 Thread 0x000001efb8404770 nmethod 717 0x000001efa1d32190 code [0x000001efa1d32360, 0x000001efa1d32638]
Event: 1.140 Thread 0x000001efb8404770  719       3       java.lang.invoke.Invokers$Holder::linkToTargetMethod (8 bytes)
Event: 1.141 Thread 0x000001efb8404770 nmethod 719 0x000001efa1d32710 code [0x000001efa1d328c0, 0x000001efa1d32bb8]
Event: 1.141 Thread 0x000001efb8404770  720       3       java.lang.invoke.LambdaForm$MH/0x0000000800c00400::invoke (8 bytes)
Event: 1.141 Thread 0x000001efb8404770 nmethod 720 0x000001efa1d32c90 code [0x000001efa1d32e20, 0x000001efa1d33078]
Event: 1.141 Thread 0x000001efb8404770  721       3       java.lang.invoke.DirectMethodHandle::make (275 bytes)
Event: 1.143 Thread 0x000001efb8404770 nmethod 721 0x000001efa1d33190 code [0x000001efa1d33520, 0x000001efa1d34978]
Event: 1.143 Thread 0x000001efb8404770  724       3       java.util.regex.Pattern::has (15 bytes)
Event: 1.144 Thread 0x000001efb8404770 nmethod 724 0x000001efa1d35190 code [0x000001efa1d35320, 0x000001efa1d35498]
Event: 1.144 Thread 0x000001efb8404770  725       3       java.lang.String::checkIndex (48 bytes)
Event: 1.144 Thread 0x000001efb99e4a10  728       4       java.lang.AbstractStringBuilder::ensureCapacityInternal (39 bytes)
Event: 1.144 Thread 0x000001efb8404770 nmethod 725 0x000001efa1d35510 code [0x000001efa1d35760, 0x000001efa1d35ed8]
Event: 1.144 Thread 0x000001efb8404770  727       3       java.util.regex.Pattern::isSupplementary (21 bytes)
Event: 1.145 Thread 0x000001efb8404770 nmethod 727 0x000001efa1d36210 code [0x000001efa1d363c0, 0x000001efa1d36638]
Event: 1.145 Thread 0x000001efb8404770  729       3       java.lang.Character::isSurrogate (18 bytes)
Event: 1.145 Thread 0x000001efb8404770 nmethod 729 0x000001efa1d36710 code [0x000001efa1d368a0, 0x000001efa1d36a38]
Event: 1.145 Thread 0x000001efb8404770  726       3       java.lang.String::codePointAt (50 bytes)
Event: 1.145 Thread 0x000001efb8404770 nmethod 726 0x000001efa1d36b10 code [0x000001efa1d36d00, 0x000001efa1d370a8]
Event: 1.149 Thread 0x000001efb99e4a10 nmethod 728 0x000001efa9726090 code [0x000001efa9726220, 0x000001efa9726688]

GC Heap History (0 events):
No events

Deoptimization events (20 events):
Event: 0.501 Thread 0x000001ef9a399fb0 Uncommon trap: trap_request=0xffffff45 fr.pc=0x000001efa96fe2cc relative=0x000000000000086c
Event: 0.501 Thread 0x000001ef9a399fb0 Uncommon trap: reason=unstable_if action=reinterpret pc=0x000001efa96fe2cc method=java.util.HashMap.putVal(ILjava/lang/Object;Ljava/lang/Object;ZZ)Ljava/lang/Object; @ 81 c2
Event: 0.501 Thread 0x000001ef9a399fb0 DEOPT PACKING pc=0x000001efa96fe2cc sp=0x00000014ef1fe290
Event: 0.501 Thread 0x000001ef9a399fb0 DEOPT UNPACKING pc=0x000001efa91a23a3 sp=0x00000014ef1fe230 mode 2
Event: 1.105 Thread 0x000001ef9a399fb0 Uncommon trap: trap_request=0xffffffc6 fr.pc=0x000001efa9721234 relative=0x0000000000000a34
Event: 1.105 Thread 0x000001ef9a399fb0 Uncommon trap: reason=bimorphic_or_optimized_type_check action=maybe_recompile pc=0x000001efa9721234 method=java.util.HashMap.putVal(ILjava/lang/Object;Ljava/lang/Object;ZZ)Ljava/lang/Object; @ 152 c2
Event: 1.105 Thread 0x000001ef9a399fb0 DEOPT PACKING pc=0x000001efa9721234 sp=0x00000014ef1fde70
Event: 1.105 Thread 0x000001ef9a399fb0 DEOPT UNPACKING pc=0x000001efa91a23a3 sp=0x00000014ef1fdd98 mode 2
Event: 1.105 Thread 0x000001ef9a399fb0 Uncommon trap: trap_request=0xffffffc6 fr.pc=0x000001efa9721234 relative=0x0000000000000a34
Event: 1.105 Thread 0x000001ef9a399fb0 Uncommon trap: reason=bimorphic_or_optimized_type_check action=maybe_recompile pc=0x000001efa9721234 method=java.util.HashMap.putVal(ILjava/lang/Object;Ljava/lang/Object;ZZ)Ljava/lang/Object; @ 152 c2
Event: 1.105 Thread 0x000001ef9a399fb0 DEOPT PACKING pc=0x000001efa9721234 sp=0x00000014ef1fde70
Event: 1.105 Thread 0x000001ef9a399fb0 DEOPT UNPACKING pc=0x000001efa91a23a3 sp=0x00000014ef1fdd98 mode 2
Event: 1.105 Thread 0x000001ef9a399fb0 Uncommon trap: trap_request=0xffffffc6 fr.pc=0x000001efa9721234 relative=0x0000000000000a34
Event: 1.105 Thread 0x000001ef9a399fb0 Uncommon trap: reason=bimorphic_or_optimized_type_check action=maybe_recompile pc=0x000001efa9721234 method=java.util.HashMap.putVal(ILjava/lang/Object;Ljava/lang/Object;ZZ)Ljava/lang/Object; @ 152 c2
Event: 1.105 Thread 0x000001ef9a399fb0 DEOPT PACKING pc=0x000001efa9721234 sp=0x00000014ef1fde70
Event: 1.105 Thread 0x000001ef9a399fb0 DEOPT UNPACKING pc=0x000001efa91a23a3 sp=0x00000014ef1fdd98 mode 2
Event: 1.105 Thread 0x000001ef9a399fb0 Uncommon trap: trap_request=0xffffffc6 fr.pc=0x000001efa9721234 relative=0x0000000000000a34
Event: 1.105 Thread 0x000001ef9a399fb0 Uncommon trap: reason=bimorphic_or_optimized_type_check action=maybe_recompile pc=0x000001efa9721234 method=java.util.HashMap.putVal(ILjava/lang/Object;Ljava/lang/Object;ZZ)Ljava/lang/Object; @ 152 c2
Event: 1.105 Thread 0x000001ef9a399fb0 DEOPT PACKING pc=0x000001efa9721234 sp=0x00000014ef1fde70
Event: 1.105 Thread 0x000001ef9a399fb0 DEOPT UNPACKING pc=0x000001efa91a23a3 sp=0x00000014ef1fdd98 mode 2

Classes unloaded (0 events):
No events

Classes redefined (0 events):
No events

Internal exceptions (15 events):
Event: 0.440 Thread 0x000001ef9a399fb0 Exception <a 'sun/nio/fs/WindowsException'{0x000000009123fc30}> (0x000000009123fc30) 
thrown [s\open\src\hotspot\share\prims\jni.cpp, line 516]
Event: 0.440 Thread 0x000001ef9a399fb0 Exception <a 'sun/nio/fs/WindowsException'{0x00000000912401e0}> (0x00000000912401e0) 
thrown [s\open\src\hotspot\share\prims\jni.cpp, line 516]
Event: 0.443 Thread 0x000001ef9a399fb0 Exception <a 'sun/nio/fs/WindowsException'{0x0000000091242778}> (0x0000000091242778) 
thrown [s\open\src\hotspot\share\prims\jni.cpp, line 516]
Event: 0.443 Thread 0x000001ef9a399fb0 Exception <a 'sun/nio/fs/WindowsException'{0x0000000091243300}> (0x0000000091243300) 
thrown [s\open\src\hotspot\share\prims\jni.cpp, line 516]
Event: 0.526 Thread 0x000001ef9a399fb0 Exception <a 'java/lang/ClassNotFoundException'{0x0000000091110b80}: sun/awt/resources/spi/awtProvider> (0x0000000091110b80) 
thrown [s\open\src\hotspot\share\classfile\systemDictionary.cpp, line 256]
Event: 0.564 Thread 0x000001ef9a399fb0 Exception <a 'java/io/FileNotFoundException'{0x0000000091162f48}> (0x0000000091162f48) 
thrown [s\open\src\hotspot\share\prims\jni.cpp, line 516]
Event: 0.577 Thread 0x000001ef9a399fb0 Exception <a 'java/io/FileNotFoundException'{0x00000000911901a8}> (0x00000000911901a8) 
thrown [s\open\src\hotspot\share\prims\jni.cpp, line 516]
Event: 0.645 Thread 0x000001ef9a399fb0 Exception <a 'java/lang/NoSuchMethodError'{0x00000000911d4260}: 'java.lang.Object java.lang.invoke.DirectMethodHandle$Holder.invokeStaticInit(java.lang.Object)'> (0x00000000911d4260) 
thrown [s\open\src\hotspot\share\interpreter\linkResolver.cpp, line 759]
Event: 0.851 Thread 0x000001ef9a399fb0 Exception <a 'java/lang/NoSuchMethodError'{0x0000000091032e28}: 'void java.lang.invoke.DirectMethodHandle$Holder.invokeSpecial(java.lang.Object, java.lang.Object, java.lang.Object)'> (0x0000000091032e28) 
thrown [s\open\src\hotspot\share\interpreter\linkResolver.cpp, line 759]
Event: 0.867 Thread 0x000001ef9a399fb0 Exception <a 'java/lang/NoSuchMethodError'{0x000000009105d000}: 'java.lang.Object java.lang.invoke.DirectMethodHandle$Holder.newInvokeSpecial(java.lang.Object, java.lang.Object, java.lang.Object, java.lang.Object, java.lang.Object)'> (0x000000009105d000) 
thrown [s\open\src\hotspot\share\interpreter\linkResolver.cpp, line 759]
Event: 0.870 Thread 0x000001ef9a399fb0 Exception <a 'java/lang/NoSuchMethodError'{0x00000000910689c8}: 'java.lang.Object java.lang.invoke.DirectMethodHandle$Holder.invokeStatic(java.lang.Object, int, java.lang.Object, java.lang.Object, java.lang.Object, java.lang.Object)'> (0x00000000910689c8) 
thrown [s\open\src\hotspot\share\interpreter\linkResolver.cpp, line 759]
Event: 0.881 Thread 0x000001ef9a399fb0 Exception <a 'java/lang/NoSuchMethodError'{0x000000009108e3d0}: 'java.lang.Object java.lang.invoke.DirectMethodHandle$Holder.invokeStatic(java.lang.Object, int, java.lang.Object)'> (0x000000009108e3d0) 
thrown [s\open\src\hotspot\share\interpreter\linkResolver.cpp, line 759]
Event: 0.928 Thread 0x000001ef9a399fb0 Exception <a 'java/lang/ClassNotFoundException'{0x0000000090f462e0}: com/sun/swing/internal/plaf/metal/resources/spi/metalProvider> (0x0000000090f462e0) 
thrown [s\open\src\hotspot\share\classfile\systemDictionary.cpp, line 256]
Event: 0.930 Thread 0x000001ef9a399fb0 Exception <a 'java/lang/ClassNotFoundException'{0x0000000090f4a188}: com/sun/swing/internal/plaf/basic/resources/spi/basicProvider> (0x0000000090f4a188) 
thrown [s\open\src\hotspot\share\classfile\systemDictionary.cpp, line 256]
Event: 1.065 Thread 0x000001efb98f8ec0 Exception <a 'java/lang/NoSuchMethodError'{0x0000000090eef6c0}: 'java.lang.Object java.lang.invoke.DirectMethodHandle$Holder.newInvokeSpecial(java.lang.Object, java.lang.Object, java.lang.Object, int, int, int, int, int)'> (0x0000000090eef6c0) 
thrown [s\open\src\hotspot\share\interpreter\linkResolver.cpp, line 759]

VM Operations (4 events):
Event: 0.446 Executing VM operation: HandshakeAllThreads
Event: 0.446 Executing VM operation: HandshakeAllThreads done
Event: 0.963 Executing VM operation: HandshakeAllThreads
Event: 0.963 Executing VM operation: HandshakeAllThreads done

Events (20 events):
Event: 1.131 loading class java/util/LinkedHashMap$LinkedKeyIterator done
Event: 1.133 loading class java/lang/InstantiationException
Event: 1.133 loading class java/lang/InstantiationException done
Event: 1.133 loading class java/lang/IllegalAccessException
Event: 1.133 loading class java/lang/IllegalAccessException done
Event: 1.134 loading class javax/naming/NamingException
Event: 1.135 loading class javax/naming/NamingException done
Event: 1.135 loading class java/lang/NumberFormatException
Event: 1.135 loading class java/lang/NumberFormatException done
Event: 1.137 loading class java/io/UnsupportedEncodingException
Event: 1.137 loading class java/io/UnsupportedEncodingException done
Event: 1.139 loading class java/lang/invoke/MethodHandle$1
Event: 1.139 loading class java/lang/invoke/MethodHandle$1 done
Event: 1.142 loading class java/util/regex/Pattern$Neg
Event: 1.142 loading class java/util/regex/Pattern$Neg done
Event: 1.147 loading class java/nio/charset/UnsupportedCharsetException
Event: 1.147 loading class java/nio/charset/UnsupportedCharsetException done
Event: 1.148 loading class java/net/URLDecoder
Event: 1.148 loading class java/net/URLDecoder done
Event: 1.148 loading class java/net/URLEncoder


Dynamic libraries:
0x00007ff736060000 - 0x00007ff736070000 	C:\Program Files\Java\jdk-17\bin\java.exe
0x00007ffc1bd10000 - 0x00007ffc1bf24000 	C:\WINDOWS\SYSTEM32\ntdll.dll
0x00007ffc1a960000 - 0x00007ffc1aa22000 	C:\WINDOWS\System32\KERNEL32.DLL
0x00007ffc19110000 - 0x00007ffc194b3000 	C:\WINDOWS\System32\KERNELBASE.dll
0x00007ffc19890000 - 0x00007ffc199a1000 	C:\WINDOWS\System32\ucrtbase.dll
0x00007ffc16db0000 - 0x00007ffc16dcb000 	C:\Program Files\Java\jdk-17\bin\VCRUNTIME140.dll
0x00007ffc16d50000 - 0x00007ffc16d69000 	C:\Program Files\Java\jdk-17\bin\jli.dll
0x00007ffc1bb20000 - 0x00007ffc1bbce000 	C:\WINDOWS\System32\ADVAPI32.dll
0x00007ffc1b410000 - 0x00007ffc1b4b7000 	C:\WINDOWS\System32\msvcrt.dll
0x00007ffc1b540000 - 0x00007ffc1b5e4000 	C:\WINDOWS\System32\sechost.dll
0x00007ffc19f30000 - 0x00007ffc1a047000 	C:\WINDOWS\System32\RPCRT4.dll
0x00007ffc1a330000 - 0x00007ffc1a4da000 	C:\WINDOWS\System32\USER32.dll
0x00007ffc194c0000 - 0x00007ffc194e6000 	C:\WINDOWS\System32\win32u.dll
0x00007ffc1b4c0000 - 0x00007ffc1b4e9000 	C:\WINDOWS\System32\GDI32.dll
0x00007ffc194f0000 - 0x00007ffc19609000 	C:\WINDOWS\System32\gdi32full.dll
0x00007ffc0f040000 - 0x00007ffc0f2ce000 	C:\WINDOWS\WinSxS\amd64_microsoft.windows.common-controls_6595b64144ccf1df_6.0.22621.1635_none_270f70857386168e\COMCTL32.dll
0x00007ffc197f0000 - 0x00007ffc1988a000 	C:\WINDOWS\System32\msvcp_win.dll
0x00007ffc11330000 - 0x00007ffc1133a000 	C:\WINDOWS\SYSTEM32\VERSION.dll
0x00007ffc1b4f0000 - 0x00007ffc1b521000 	C:\WINDOWS\System32\IMM32.DLL
0x00007ffc16cb0000 - 0x00007ffc16cbc000 	C:\Program Files\Java\jdk-17\bin\vcruntime140_1.dll
0x00007ffbfa4e0000 - 0x00007ffbfa56e000 	C:\Program Files\Java\jdk-17\bin\msvcp140.dll
0x00007ffbb8ee0000 - 0x00007ffbb9abd000 	C:\Program Files\Java\jdk-17\bin\server\jvm.dll
0x00007ffc1b530000 - 0x00007ffc1b538000 	C:\WINDOWS\System32\PSAPI.DLL
0x00007ffc05c40000 - 0x00007ffc05c49000 	C:\WINDOWS\SYSTEM32\WSOCK32.dll
0x00007ffc12820000 - 0x00007ffc12854000 	C:\WINDOWS\SYSTEM32\WINMM.dll
0x00007ffc19e70000 - 0x00007ffc19ee1000 	C:\WINDOWS\System32\WS2_32.dll
0x00007ffc18220000 - 0x00007ffc18238000 	C:\WINDOWS\SYSTEM32\kernel.appcore.dll
0x00007ffc16c00000 - 0x00007ffc16c0a000 	C:\Program Files\Java\jdk-17\bin\jimage.dll
0x00007ffc16990000 - 0x00007ffc16bbe000 	C:\WINDOWS\SYSTEM32\DBGHELP.DLL
0x00007ffc1a5d0000 - 0x00007ffc1a959000 	C:\WINDOWS\System32\combase.dll
0x00007ffc1aa30000 - 0x00007ffc1ab07000 	C:\WINDOWS\System32\OLEAUT32.dll
0x00007ffc0edf0000 - 0x00007ffc0ee22000 	C:\WINDOWS\SYSTEM32\dbgcore.DLL
0x00007ffc19a70000 - 0x00007ffc19aea000 	C:\WINDOWS\System32\bcryptPrimitives.dll
0x00007ffc13130000 - 0x00007ffc13155000 	C:\Program Files\Java\jdk-17\bin\java.dll
0x00007ffbbd510000 - 0x00007ffbbd5e7000 	C:\Program Files\Java\jdk-17\bin\jsvml.dll
0x00007ffc1ab10000 - 0x00007ffc1b309000 	C:\WINDOWS\System32\SHELL32.dll
0x00007ffc170c0000 - 0x00007ffc1798e000 	C:\WINDOWS\SYSTEM32\windows.storage.dll
0x00007ffc16f80000 - 0x00007ffc170be000 	C:\WINDOWS\SYSTEM32\wintypes.dll
0x00007ffc1bbd0000 - 0x00007ffc1bcc1000 	C:\WINDOWS\System32\SHCORE.dll
0x00007ffc1a0a0000 - 0x00007ffc1a0fe000 	C:\WINDOWS\System32\shlwapi.dll
0x00007ffc19040000 - 0x00007ffc19066000 	C:\WINDOWS\SYSTEM32\profapi.dll
0x00007ffc13110000 - 0x00007ffc13129000 	C:\Program Files\Java\jdk-17\bin\net.dll
0x00007ffc14020000 - 0x00007ffc14157000 	C:\WINDOWS\SYSTEM32\WINHTTP.dll
0x00007ffc186c0000 - 0x00007ffc18729000 	C:\WINDOWS\system32\mswsock.dll
0x00007ffc130f0000 - 0x00007ffc13106000 	C:\Program Files\Java\jdk-17\bin\nio.dll
0x00007ffc11f20000 - 0x00007ffc11f38000 	C:\Program Files\Java\jdk-17\bin\zip.dll
0x00007ffbba600000 - 0x00007ffbba791000 	C:\Program Files\Java\jdk-17\bin\awt.dll
0x00007ffc15fb0000 - 0x00007ffc16047000 	C:\WINDOWS\SYSTEM32\apphelp.dll
0x00007ffc16340000 - 0x00007ffc1636b000 	C:\WINDOWS\system32\DWMAPI.DLL
0x00007ffc16100000 - 0x00007ffc161ab000 	C:\WINDOWS\system32\uxtheme.dll
0x00007ffbca780000 - 0x00007ffbca880000 	C:\WINDOWS\system32\opengl32.dll
0x00007ffbd63b0000 - 0x00007ffbd63dd000 	C:\WINDOWS\SYSTEM32\GLU32.dll
0x00007ffc163b0000 - 0x00007ffc163e8000 	C:\WINDOWS\SYSTEM32\dxcore.dll
0x00007ffc19d40000 - 0x00007ffc19e67000 	C:\WINDOWS\System32\MSCTF.dll
0x00007ffc19af0000 - 0x00007ffc19c8c000 	C:\WINDOWS\System32\ole32.dll
0x00007ffbd0ab0000 - 0x00007ffbd0c59000 	C:\WINDOWS\system32\d3d9.dll
0x00007ffc0f720000 - 0x00007ffc0f8d8000 	C:\Windows\System32\DriverStore\FileRepository\u0375185.inf_amd64_73f65969b9079bf6\B375122\aticfx64.dll
0x00007ffc112a0000 - 0x00007ffc112d4000 	C:\Windows\System32\DriverStore\FileRepository\u0375185.inf_amd64_73f65969b9079bf6\B375122\atiu9p64.dll
0x00007ffb98460000 - 0x00007ffb991b4000 	C:\Windows\System32\DriverStore\FileRepository\u0375185.inf_amd64_73f65969b9079bf6\B375122\atiumd64.dll
0x000000005b8a0000 - 0x000000005c713000 	C:\WINDOWS\System32\DriverStore\FileRepository\u0375185.inf_amd64_73f65969b9079bf6\B375122\atiumd6a.dll
0x00007ffc1b6a0000 - 0x00007ffc1bb14000 	C:\WINDOWS\System32\SETUPAPI.dll
0x00007ffc17fe0000 - 0x00007ffc1802d000 	C:\WINDOWS\SYSTEM32\POWRPROF.dll
0x00007ffc17fc0000 - 0x00007ffc17fd3000 	C:\WINDOWS\SYSTEM32\UMPDC.dll
0x00007ffc0cbe0000 - 0x00007ffc0cc10000 	C:\WINDOWS\SYSTEM32\amdihk64.dll
0x00007ffc12a80000 - 0x00007ffc12ac8000 	C:\WINDOWS\SYSTEM32\directxdatabasehelper.dll
0x00007ffc16930000 - 0x00007ffc1695e000 	C:\Program Files\Java\jdk-17\bin\javajpeg.dll

dbghelp: loaded successfully - version: 4.0.5 - missing functions: none
symbol engine: initialized successfully - sym options: 0x614 - pdb path: .;C:\Program Files\Java\jdk-17\bin;C:\WINDOWS\SYSTEM32;C:\WINDOWS\WinSxS\amd64_microsoft.windows.common-controls_6595b64144ccf1df_6.0.22621.1635_none_270f70857386168e;C:\Program Files\Java\jdk-17\bin\server;C:\Windows\System32\DriverStore\FileRepository\u0375185.inf_amd64_73f65969b9079bf6\B375122

VM Arguments:
jvm_args: -Dfile.encoding=UTF-8 --module-path=C:\Users\Asus Vivobook\Documents\NetBeansProjects\Travel Management System\build\classes 
java_command: travel.management.system.DeleteDetails
java_class_path (initial): C:\Users\Asus Vivobook\Downloads\mysql-connector-java-8.0.28.jar;C:\Users\Asus Vivobook\Documents\NetBeansProjects\Travel Management System\build\classes
Launcher Type: SUN_STANDARD

[Global flags]
     intx CICompilerCount                          = 4                                         {product} {ergonomic}
     uint ConcGCThreads                            = 3                                         {product} {ergonomic}
     uint G1ConcRefinementThreads                  = 10                                        {product} {ergonomic}
   size_t G1HeapRegionSize                         = 1048576                                   {product} {ergonomic}
    uintx GCDrainStackTargetSize                   = 64                                        {product} {ergonomic}
   size_t InitialHeapSize                          = 125829120                                 {product} {ergonomic}
   size_t MarkStackSize                            = 4194304                                   {product} {ergonomic}
   size_t MaxHeapSize                              = 1983905792                                {product} {ergonomic}
   size_t MaxNewSize                               = 1190133760                                {product} {ergonomic}
   size_t MinHeapDeltaBytes                        = 1048576                                   {product} {ergonomic}
   size_t MinHeapSize                              = 8388608                                   {product} {ergonomic}
    uintx NonNMethodCodeHeapSize                   = 5839372                                {pd product} {ergonomic}
    uintx NonProfiledCodeHeapSize                  = 122909434                              {pd product} {ergonomic}
    uintx ProfiledCodeHeapSize                     = 122909434                              {pd product} {ergonomic}
    uintx ReservedCodeCacheSize                    = 251658240                              {pd product} {ergonomic}
     bool SegmentedCodeCache                       = true                                      {product} {ergonomic}
   size_t SoftMaxHeapSize                          = 1983905792                             {manageable} {ergonomic}
     bool UseCompressedClassPointers               = true                           {product lp64_product} {ergonomic}
     bool UseCompressedOops                        = true                           {product lp64_product} {ergonomic}
     bool UseG1GC                                  = true                                      {product} {ergonomic}
     bool UseLargePagesIndividualAllocation        = false                                  {pd product} {ergonomic}

Logging:
Log output configuration:
 #0: stdout all=warning uptime,level,tags
 #1: stderr all=off uptime,level,tags

Environment Variables:
PATH=C:\Program Files\Common Files\Oracle\Java\javapath;C:\WINDOWS\system32;C:\WINDOWS;C:\WINDOWS\System32\Wbem;C:\WINDOWS\System32\WindowsPowerShell\v1.0\;C:\WINDOWS\System32\OpenSSH\;C:\Program Files\Java\jdk1.7.0_51\bin;C:\Program Files\MySQL\MySQL Shell 8.0\bin\;C:\Users\Asus Vivobook\AppData\Local\Programs\Python\Python310\Scripts\;C:\Users\Asus Vivobook\AppData\Local\Programs\Python\Python310\;C:\Users\Asus Vivobook\AppData\Local\Microsoft\WindowsApps;;C:\Users\Asus Vivobook\AppData\Local\Programs\Microsoft VS Code\bin
USERNAME=Asus Vivobook
OS=Windows_NT
PROCESSOR_IDENTIFIER=AMD64 Family 23 Model 104 Stepping 1, AuthenticAMD



---------------  S Y S T E M  ---------------

OS:
 Windows 11 , 64 bit Build 22621 (10.0.22621.1928)
OS uptime: 5 days 14:30 hours
Hyper-V role detected

CPU: total 12 (initial active 12) (12 cores per cpu, 2 threads per core) family 23 model 104 stepping 1 microcode 0x0, cx8, cmov, fxsr, ht, mmx, 3dnowpref, sse, sse2, sse3, ssse3, sse4a, sse4.1, sse4.2, popcnt, lzcnt, tsc, tscinvbit, avx, avx2, aes, clmul, bmi1, bmi2, adx, sha, fma, vzeroupper, clflush, clflushopt, hv

Memory: 4k page, system-wide physical 7563M (674M free)
TotalPageFile size 31115M (AvailPageFile size 2M)
current process WorkingSet (physical memory assigned to process): 65M, peak: 65M
current process commit charge ("private bytes"): 231M, peak: 231M

vm_info: Java HotSpot(TM) 64-Bit Server VM (17.0.7+8-LTS-224) for windows-amd64 JRE (17.0.7+8-LTS-224), built on Feb 28 2023 23:03:02 by "mach5one" with MS VC++ 17.1 (VS2022)

END.
