#
# There is insufficient memory for the Java Runtime Environment to continue.
# Native memory allocation (mmap) failed to map 125829120 bytes for G1 virtual space
# Possible reasons:
#   The system is out of physical RAM or swap space
#   The process is running with CompressedOops enabled, and the Java Heap may be blocking the growth of the native heap
# Possible solutions:
#   Reduce memory load on the system
#   Increase physical memory or swap space
#   Check if swap backing store is full
#   Decrease Java heap size (-Xmx/-Xms)
#   Decrease number of Java threads
#   Decrease Java thread stack sizes (-Xss)
#   Set larger code cache with -XX:ReservedCodeCacheSize=
#   JVM is running with Unscaled Compressed Oops mode in which the Java heap is
#     placed in the first 4GB address space. The Java Heap base address is the
#     maximum limit for the native heap growth. Please use -XX:HeapBaseMinAddress
#     to set the Java Heap base and to place the Java Heap above 4GB virtual address.
# This output file may be truncated or incomplete.
#
#  Out of Memory Error (os_windows.cpp:3550), pid=32272, tid=18424
#
# JRE version:  (17.0.7+8) (build )
# Java VM: Java HotSpot(TM) 64-Bit Server VM (17.0.7+8-LTS-224, mixed mode, sharing, tiered, compressed oops, compressed class ptrs, g1 gc, windows-amd64)
# No core dump will be written. Minidumps are not enabled by default on client versions of Windows
#

---------------  S U M M A R Y ------------

Command Line: -Dfile.encoding=UTF-8 --module-path=C:\Users\Asus Vivobook\Documents\NetBeansProjects\Travel Management System\build\classes travel.management.system.CheckPackage

Host: AMD Ryzen 5 5500U with Radeon Graphics         , 12 cores, 7G,  Windows 11 , 64 bit Build 22621 (10.0.22621.3085)
Time: Wed Feb  7 23:16:37 2024 India Standard Time elapsed time: 0.023485 seconds (0d 0h 0m 0s)

---------------  T H R E A D  ---------------

Current thread (0x0000017e78802c80):  JavaThread "Unknown thread" [_thread_in_vm, id=18424, stack(0x0000007426700000,0x0000007426800000)]

Stack: [0x0000007426700000,0x0000007426800000]
Native frames: (J=compiled Java code, j=interpreted, Vv=VM code, C=native code)
V  [jvm.dll+0x676a4a]
V  [jvm.dll+0x7d74f4]
V  [jvm.dll+0x7d8c9e]
V  [jvm.dll+0x7d9303]
V  [jvm.dll+0x2452c5]
V  [jvm.dll+0x6738f9]
V  [jvm.dll+0x668232]
V  [jvm.dll+0x302826]
V  [jvm.dll+0x309da6]
V  [jvm.dll+0x35952e]
V  [jvm.dll+0x35975f]
V  [jvm.dll+0x2d9a38]
V  [jvm.dll+0x2da9a4]
V  [jvm.dll+0x7a8fb1]
V  [jvm.dll+0x3670e1]
V  [jvm.dll+0x788359]
V  [jvm.dll+0x3ea5ef]
V  [jvm.dll+0x3ec071]
C  [jli.dll+0x5297]
C  [ucrtbase.dll+0x29363]
C  [KERNEL32.DLL+0x1257d]
C  [ntdll.dll+0x5aa58]


---------------  P R O C E S S  ---------------

Threads class SMR info:
_java_thread_list=0x00007ffc92a84998, length=0, elements={
}

Java Threads: ( => current thread )

Other Threads:
  0x0000017e78859740 GCTaskThread "GC Thread#0" [stack: 0x0000007426800000,0x0000007426900000] [id=31464]
  0x0000017e78869300 ConcurrentGCThread "G1 Main Marker" [stack: 0x0000007426900000,0x0000007426a00000] [id=32072]
  0x0000017e78869d10 ConcurrentGCThread "G1 Conc#0" [stack: 0x0000007426a00000,0x0000007426b00000] [id=32076]

[error occurred during error reporting (printing all threads), id 0xc0000005, EXCEPTION_ACCESS_VIOLATION (0xc0000005) at pc=0x00007ffc922ba697]

VM state: not at safepoint (not fully initialized)

VM Mutex/Monitor currently owned by a thread:  ([mutex/lock_event])
[0x0000017e787ff910] Heap_lock - owner thread: 0x0000017e78802c80

Heap address: 0x0000000089c00000, size: 1892 MB, Compressed Oops mode: 32-bit

CDS archive(s) mapped at: [0x0000000000000000-0x0000000000000000-0x0000000000000000), size 0, SharedBaseAddress: 0x0000000800000000, ArchiveRelocationMode: 0.
Narrow klass base: 0x0000000000000000, Narrow klass shift: 0, Narrow klass range: 0x0

GC Precious Log:
<Empty>

Heap:
 garbage-first heap   total 0K, used 0K [0x0000000089c00000, 0x0000000100000000)
  region size 1024K, 0 young (0K), 0 survivors (0K)

[error occurred during error reporting (printing heap information), id 0xc0000005, EXCEPTION_ACCESS_VIOLATION (0xc0000005) at pc=0x00007ffc926a00b9]

GC Heap History (0 events):
No events

Deoptimization events (0 events):
No events

Classes unloaded (0 events):
No events

Classes redefined (0 events):
No events

Internal exceptions (0 events):
No events

VM Operations (0 events):
No events

Events (1 events):
Event: 0.014 Loaded shared library C:\Program Files\Java\jdk-17\bin\java.dll


Dynamic libraries:
0x00007ff6c8040000 - 0x00007ff6c8050000 	C:\Program Files\Java\jdk-17\bin\java.exe
0x00007ffcf8830000 - 0x00007ffcf8a47000 	C:\WINDOWS\SYSTEM32\ntdll.dll
0x00007ffcf7080000 - 0x00007ffcf7144000 	C:\WINDOWS\System32\KERNEL32.DLL
0x00007ffcf60b0000 - 0x00007ffcf6456000 	C:\WINDOWS\System32\KERNELBASE.dll
0x00007ffcf5f90000 - 0x00007ffcf60a1000 	C:\WINDOWS\System32\ucrtbase.dll
0x00007ffceb3c0000 - 0x00007ffceb3db000 	C:\Program Files\Java\jdk-17\bin\VCRUNTIME140.dll
0x00007ffceb450000 - 0x00007ffceb469000 	C:\Program Files\Java\jdk-17\bin\jli.dll
0x00007ffcf8720000 - 0x00007ffcf87d3000 	C:\WINDOWS\System32\ADVAPI32.dll
0x00007ffcf72c0000 - 0x00007ffcf7367000 	C:\WINDOWS\System32\msvcrt.dll
0x00007ffcf81b0000 - 0x00007ffcf8258000 	C:\WINDOWS\System32\sechost.dll
0x00007ffcf5f60000 - 0x00007ffcf5f88000 	C:\WINDOWS\System32\bcrypt.dll
0x00007ffcf82c0000 - 0x00007ffcf83d7000 	C:\WINDOWS\System32\RPCRT4.dll
0x00007ffcf7370000 - 0x00007ffcf751e000 	C:\WINDOWS\System32\USER32.dll
0x00007ffcf6460000 - 0x00007ffcf6486000 	C:\WINDOWS\System32\win32u.dll
0x00007ffcebab0000 - 0x00007ffcebd43000 	C:\WINDOWS\WinSxS\amd64_microsoft.windows.common-controls_6595b64144ccf1df_6.0.22621.2506_none_270c5ae97388e100\COMCTL32.dll
0x00007ffcf6eb0000 - 0x00007ffcf6ed9000 	C:\WINDOWS\System32\GDI32.dll
0x00007ffcf5c30000 - 0x00007ffcf5d48000 	C:\WINDOWS\System32\gdi32full.dll
0x00007ffcf5d50000 - 0x00007ffcf5dea000 	C:\WINDOWS\System32\msvcp_win.dll
0x00007ffcebff0000 - 0x00007ffcebffa000 	C:\WINDOWS\SYSTEM32\VERSION.dll
0x00007ffcf6db0000 - 0x00007ffcf6de1000 	C:\WINDOWS\System32\IMM32.DLL
0x00007ffcf1cb0000 - 0x00007ffcf1cbc000 	C:\Program Files\Java\jdk-17\bin\vcruntime140_1.dll
0x00007ffcde530000 - 0x00007ffcde5be000 	C:\Program Files\Java\jdk-17\bin\msvcp140.dll
0x00007ffc91fd0000 - 0x00007ffc92bad000 	C:\Program Files\Java\jdk-17\bin\server\jvm.dll
0x00007ffcf7150000 - 0x00007ffcf7158000 	C:\WINDOWS\System32\PSAPI.DLL
0x00007ffcde340000 - 0x00007ffcde349000 	C:\WINDOWS\SYSTEM32\WSOCK32.dll
0x00007ffcef290000 - 0x00007ffcef2c4000 	C:\WINDOWS\SYSTEM32\WINMM.dll
0x00007ffcf83e0000 - 0x00007ffcf8451000 	C:\WINDOWS\System32\WS2_32.dll
0x00007ffcf4ca0000 - 0x00007ffcf4cb8000 	C:\WINDOWS\SYSTEM32\kernel.appcore.dll
0x00007ffcf1c60000 - 0x00007ffcf1c6a000 	C:\Program Files\Java\jdk-17\bin\jimage.dll
0x00007ffcf3300000 - 0x00007ffcf3533000 	C:\WINDOWS\SYSTEM32\DBGHELP.DLL
0x00007ffcf7530000 - 0x00007ffcf78b9000 	C:\WINDOWS\System32\combase.dll
0x00007ffcf6580000 - 0x00007ffcf6657000 	C:\WINDOWS\System32\OLEAUT32.dll
0x00007ffceac80000 - 0x00007ffceacb2000 	C:\WINDOWS\SYSTEM32\dbgcore.DLL
0x00007ffcf6500000 - 0x00007ffcf657a000 	C:\WINDOWS\System32\bcryptPrimitives.dll
0x00007ffcea4a0000 - 0x00007ffcea4c5000 	C:\Program Files\Java\jdk-17\bin\java.dll

dbghelp: loaded successfully - version: 4.0.5 - missing functions: none
symbol engine: initialized successfully - sym options: 0x614 - pdb path: .;C:\Program Files\Java\jdk-17\bin;C:\WINDOWS\SYSTEM32;C:\WINDOWS\WinSxS\amd64_microsoft.windows.common-controls_6595b64144ccf1df_6.0.22621.2506_none_270c5ae97388e100;C:\Program Files\Java\jdk-17\bin\server

VM Arguments:
jvm_args: -Dfile.encoding=UTF-8 --module-path=C:\Users\Asus Vivobook\Documents\NetBeansProjects\Travel Management System\build\classes 
java_command: travel.management.system.CheckPackage
java_class_path (initial): C:\Users\Asus Vivobook\Downloads\mysql-connector-java-8.0.28.jar;C:\Users\Asus Vivobook\Documents\NetBeansProjects\Travel Management System\build\classes
Launcher Type: SUN_STANDARD

[Global flags]
     intx CICompilerCount                          = 4                                         {product} {ergonomic}
     uint ConcGCThreads                            = 3                                         {product} {ergonomic}
     uint G1ConcRefinementThreads                  = 10                                        {product} {ergonomic}
   size_t G1HeapRegionSize                         = 1048576                                   {product} {ergonomic}
    uintx GCDrainStackTargetSize                   = 64                                        {product} {ergonomic}
   size_t InitialHeapSize                          = 125829120                                 {product} {ergonomic}
   size_t MarkStackSize                            = 4194304                                   {product} {ergonomic}
   size_t MaxHeapSize                              = 1983905792                                {product} {ergonomic}
   size_t MinHeapDeltaBytes                        = 1048576                                   {product} {ergonomic}
   size_t MinHeapSize                              = 8388608                                   {product} {ergonomic}
    uintx NonNMethodCodeHeapSize                   = 5839372                                {pd product} {ergonomic}
    uintx NonProfiledCodeHeapSize                  = 122909434                              {pd product} {ergonomic}
    uintx ProfiledCodeHeapSize                     = 122909434                              {pd product} {ergonomic}
    uintx ReservedCodeCacheSize                    = 251658240                              {pd product} {ergonomic}
     bool SegmentedCodeCache                       = true                                      {product} {ergonomic}
   size_t SoftMaxHeapSize                          = 1983905792                             {manageable} {ergonomic}
     bool UseCompressedClassPointers               = true                           {product lp64_product} {ergonomic}
     bool UseCompressedOops                        = true                           {product lp64_product} {ergonomic}
     bool UseG1GC                                  = true                                      {product} {ergonomic}
     bool UseLargePagesIndividualAllocation        = false                                  {pd product} {ergonomic}

Logging:
Log output configuration:
 #0: stdout all=warning uptime,level,tags
 #1: stderr all=off uptime,level,tags

Environment Variables:
PATH=C:\Program Files\Common Files\Oracle\Java\javapath;C:\WINDOWS\system32;C:\WINDOWS;C:\WINDOWS\System32\Wbem;C:\WINDOWS\System32\WindowsPowerShell\v1.0\;C:\WINDOWS\System32\OpenSSH\;C:\Program Files\Java\jdk1.7.0_51\bin;C:\Program Files\Microsoft SQL Server\150\Tools\Binn\;C:\Program Files\Microsoft SQL Server\Client SDK\ODBC\170\Tools\Binn\;C:\Program Files\dotnet\;C:\Program Files\MySQL\MySQL Shell 8.0\bin\;C:\Users\Asus Vivobook\AppData\Local\Programs\Python\Python310\Scripts\;C:\Users\Asus Vivobook\AppData\Local\Programs\Python\Python310\;C:\Users\Asus Vivobook\AppData\Local\Microsoft\WindowsApps;;C:\Users\Asus Vivobook\AppData\Local\Programs\Microsoft VS Code\bin;C:\Users\Asus Vivobook\.dotnet\tools
USERNAME=Asus Vivobook
OS=Windows_NT
PROCESSOR_IDENTIFIER=AMD64 Family 23 Model 104 Stepping 1, AuthenticAMD



---------------  S Y S T E M  ---------------

OS:
 Windows 11 , 64 bit Build 22621 (10.0.22621.3085)
OS uptime: 11 days 7:02 hours
Hyper-V role detected

CPU: total 12 (initial active 12) (12 cores per cpu, 2 threads per core) family 23 model 104 stepping 1 microcode 0x0, cx8, cmov, fxsr, ht, mmx, 3dnowpref, sse, sse2, sse3, ssse3, sse4a, sse4.1, sse4.2, popcnt, lzcnt, tsc, tscinvbit, avx, avx2, aes, clmul, bmi1, bmi2, adx, sha, fma, vzeroupper, clflush, clflushopt, hv

Memory: 4k page, system-wide physical 7563M (487M free)
TotalPageFile size 31115M (AvailPageFile size 101M)
current process WorkingSet (physical memory assigned to process): 11M, peak: 11M
current process commit charge ("private bytes"): 64M, peak: 184M

vm_info: Java HotSpot(TM) 64-Bit Server VM (17.0.7+8-LTS-224) for windows-amd64 JRE (17.0.7+8-LTS-224), built on Feb 28 2023 23:03:02 by "mach5one" with MS VC++ 17.1 (VS2022)

END.
