#
# There is insufficient memory for the Java Runtime Environment to continue.
# Native memory allocation (malloc) failed to allocate 32744 bytes for ChunkPool::allocate
# Possible reasons:
#   The system is out of physical RAM or swap space
#   The process is running with CompressedOops enabled, and the Java Heap may be blocking the growth of the native heap
# Possible solutions:
#   Reduce memory load on the system
#   Increase physical memory or swap space
#   Check if swap backing store is full
#   Decrease Java heap size (-Xmx/-Xms)
#   Decrease number of Java threads
#   Decrease Java thread stack sizes (-Xss)
#   Set larger code cache with -XX:ReservedCodeCacheSize=
#   JVM is running with Unscaled Compressed Oops mode in which the Java heap is
#     placed in the first 4GB address space. The Java Heap base address is the
#     maximum limit for the native heap growth. Please use -XX:HeapBaseMinAddress
#     to set the Java Heap base and to place the Java Heap above 4GB virtual address.
# This output file may be truncated or incomplete.
#
#  Out of Memory Error (arena.cpp:78), pid=27672, tid=20240
#
# JRE version: Java(TM) SE Runtime Environment (17.0.7+8) (build 17.0.7+8-LTS-224)
# Java VM: Java HotSpot(TM) 64-Bit Server VM (17.0.7+8-LTS-224, mixed mode, sharing, tiered, compressed oops, compressed class ptrs, g1 gc, windows-amd64)
# No core dump will be written. Minidumps are not enabled by default on client versions of Windows
#

---------------  S U M M A R Y ------------

Command Line: -Dfile.encoding=UTF-8 --module-path=C:\Users\Asus Vivobook\Documents\NetBeansProjects\Travel Management System\build\classes travel.management.system.DeleteDetails

Host: AMD Ryzen 5 5500U with Radeon Graphics         , 12 cores, 7G,  Windows 11 , 64 bit Build 22621 (10.0.22621.1928)
Time: Thu Jul 20 15:34:40 2023 India Standard Time elapsed time: 0.250563 seconds (0d 0h 0m 0s)

---------------  T H R E A D  ---------------

Current thread (0x0000025478764050):  JavaThread "C2 CompilerThread0" daemon [_thread_in_native, id=20240, stack(0x000000ed3bb00000,0x000000ed3bc00000)]


Current CompileTask:
C2:    250  313       4       jdk.internal.org.objectweb.asm.SymbolTable::get (13 bytes)

Stack: [0x000000ed3bb00000,0x000000ed3bc00000]
Native frames: (J=compiled Java code, j=interpreted, Vv=VM code, C=native code)
V  [jvm.dll+0x676a4a]
V  [jvm.dll+0x7d74f4]
V  [jvm.dll+0x7d8c9e]
V  [jvm.dll+0x7d9303]
V  [jvm.dll+0x2452c5]
V  [jvm.dll+0xaac80]
V  [jvm.dll+0xaafcc]
V  [jvm.dll+0x603d7e]
V  [jvm.dll+0x603f1f]
V  [jvm.dll+0x603f1f]
V  [jvm.dll+0x603f1f]
V  [jvm.dll+0x603f1f]
V  [jvm.dll+0x6097bc]
V  [jvm.dll+0x60a6dc]
V  [jvm.dll+0x608bb4]
V  [jvm.dll+0x21794e]
V  [jvm.dll+0x216f01]
V  [jvm.dll+0x1a35e0]
V  [jvm.dll+0x226a6e]
V  [jvm.dll+0x224e15]
V  [jvm.dll+0x78d05c]
V  [jvm.dll+0x78759a]
V  [jvm.dll+0x675875]
C  [ucrtbase.dll+0x29363]
C  [KERNEL32.DLL+0x126ad]
C  [ntdll.dll+0x5aa68]


---------------  P R O C E S S  ---------------

Threads class SMR info:
_java_thread_list=0x000002547920c230, length=12, elements={
0x000002545a6d9fb0, 0x000002547874c6a0, 0x000002547874cf60, 0x000002547875f150,
0x0000025478761a20, 0x00000254787622e0, 0x0000025478762ba0, 0x0000025478764050,
0x000002547876ce10, 0x0000025478776460, 0x00000254787309f0, 0x000002547923e2b0
}

Java Threads: ( => current thread )
  0x000002545a6d9fb0 JavaThread "main" [_thread_in_Java, id=27984, stack(0x000000ed3ae00000,0x000000ed3af00000)]
  0x000002547874c6a0 JavaThread "Reference Handler" daemon [_thread_blocked, id=31540, stack(0x000000ed3b500000,0x000000ed3b600000)]
  0x000002547874cf60 JavaThread "Finalizer" daemon [_thread_blocked, id=30744, stack(0x000000ed3b600000,0x000000ed3b700000)]
  0x000002547875f150 JavaThread "Signal Dispatcher" daemon [_thread_blocked, id=32316, stack(0x000000ed3b700000,0x000000ed3b800000)]
  0x0000025478761a20 JavaThread "Attach Listener" daemon [_thread_blocked, id=12884, stack(0x000000ed3b800000,0x000000ed3b900000)]
  0x00000254787622e0 JavaThread "Service Thread" daemon [_thread_blocked, id=25056, stack(0x000000ed3b900000,0x000000ed3ba00000)]
  0x0000025478762ba0 JavaThread "Monitor Deflation Thread" daemon [_thread_blocked, id=31320, stack(0x000000ed3ba00000,0x000000ed3bb00000)]
=>0x0000025478764050 JavaThread "C2 CompilerThread0" daemon [_thread_in_native, id=20240, stack(0x000000ed3bb00000,0x000000ed3bc00000)]
  0x000002547876ce10 JavaThread "C1 CompilerThread0" daemon [_thread_in_native, id=24876, stack(0x000000ed3bc00000,0x000000ed3bd00000)]
  0x0000025478776460 JavaThread "Sweeper thread" daemon [_thread_blocked, id=32360, stack(0x000000ed3bd00000,0x000000ed3be00000)]
  0x00000254787309f0 JavaThread "Common-Cleaner" daemon [_thread_blocked, id=26360, stack(0x000000ed3be00000,0x000000ed3bf00000)]
  0x000002547923e2b0 JavaThread "Notification Thread" daemon [_thread_blocked, id=32708, stack(0x000000ed3bf00000,0x000000ed3c000000)]

Other Threads:
  0x0000025478744de0 VMThread "VM Thread" [stack: 0x000000ed3b400000,0x000000ed3b500000] [id=24384]
  0x000002547923eb80 WatcherThread [stack: 0x000000ed3c000000,0x000000ed3c100000] [id=8776]
  0x000002545a730100 GCTaskThread "GC Thread#0" [stack: 0x000000ed3af00000,0x000000ed3b000000] [id=31704]
  0x000002545a73fcc0 ConcurrentGCThread "G1 Main Marker" [stack: 0x000000ed3b000000,0x000000ed3b100000] [id=32376]
  0x000002545a741c40 ConcurrentGCThread "G1 Conc#0" [stack: 0x000000ed3b100000,0x000000ed3b200000] [id=31276]
  0x000002545a7aebe0 ConcurrentGCThread "G1 Refine#0" [stack: 0x000000ed3b200000,0x000000ed3b300000] [id=23540]
  0x00000254785fd680 ConcurrentGCThread "G1 Service" [stack: 0x000000ed3b300000,0x000000ed3b400000] [id=17596]

Threads with active compile tasks:
C2 CompilerThread0      281  313       4       jdk.internal.org.objectweb.asm.SymbolTable::get (13 bytes)
C1 CompilerThread0      281  344       3       java.lang.invoke.MethodType$ConcurrentWeakInternSet::add (66 bytes)

VM state: not at safepoint (normal execution)

VM Mutex/Monitor currently owned by a thread: None

Heap address: 0x0000000089c00000, size: 1892 MB, Compressed Oops mode: 32-bit

CDS archive(s) mapped at: [0x0000000800000000-0x0000000800bd0000-0x0000000800bd0000), size 12386304, SharedBaseAddress: 0x0000000800000000, ArchiveRelocationMode: 0.
Compressed class space mapped at: 0x0000000800c00000-0x0000000840c00000, reserved size: 1073741824
Narrow klass base: 0x0000000800000000, Narrow klass shift: 0, Narrow klass range: 0x100000000

GC Precious Log:
 CPUs: 12 total, 12 available
 Memory: 7563M
 Large Page Support: Disabled
 NUMA Support: Disabled
 Compressed Oops: Enabled (32-bit)
 Heap Region Size: 1M
 Heap Min Capacity: 8M
 Heap Initial Capacity: 120M
 Heap Max Capacity: 1892M
 Pre-touch: Disabled
 Parallel Workers: 10
 Concurrent Workers: 3
 Concurrent Refinement Workers: 10
 Periodic GC: Disabled

Heap:
 garbage-first heap   total 122880K, used 2048K [0x0000000089c00000, 0x0000000100000000)
  region size 1024K, 3 young (3072K), 0 survivors (0K)
 Metaspace       used 1786K, committed 1920K, reserved 1056768K
  class space    used 154K, committed 256K, reserved 1048576K

Heap Regions: E=young(eden), S=young(survivor), O=old, HS=humongous(starts), HC=humongous(continues), CS=collection set, F=free, OA=open archive, CA=closed archive, TAMS=top-at-mark-start (previous, next)
|   0|0x0000000089c00000, 0x0000000089c00000, 0x0000000089d00000|  0%| F|  |TAMS 0x0000000089c00000, 0x0000000089c00000| Untracked 
|   1|0x0000000089d00000, 0x0000000089d00000, 0x0000000089e00000|  0%| F|  |TAMS 0x0000000089d00000, 0x0000000089d00000| Untracked 
|   2|0x0000000089e00000, 0x0000000089e00000, 0x0000000089f00000|  0%| F|  |TAMS 0x0000000089e00000, 0x0000000089e00000| Untracked 
|   3|0x0000000089f00000, 0x0000000089f00000, 0x000000008a000000|  0%| F|  |TAMS 0x0000000089f00000, 0x0000000089f00000| Untracked 
|   4|0x000000008a000000, 0x000000008a000000, 0x000000008a100000|  0%| F|  |TAMS 0x000000008a000000, 0x000000008a000000| Untracked 
|   5|0x000000008a100000, 0x000000008a100000, 0x000000008a200000|  0%| F|  |TAMS 0x000000008a100000, 0x000000008a100000| Untracked 
|   6|0x000000008a200000, 0x000000008a200000, 0x000000008a300000|  0%| F|  |TAMS 0x000000008a200000, 0x000000008a200000| Untracked 
|   7|0x000000008a300000, 0x000000008a300000, 0x000000008a400000|  0%| F|  |TAMS 0x000000008a300000, 0x000000008a300000| Untracked 
|   8|0x000000008a400000, 0x000000008a400000, 0x000000008a500000|  0%| F|  |TAMS 0x000000008a400000, 0x000000008a400000| Untracked 
|   9|0x000000008a500000, 0x000000008a500000, 0x000000008a600000|  0%| F|  |TAMS 0x000000008a500000, 0x000000008a500000| Untracked 
|  10|0x000000008a600000, 0x000000008a600000, 0x000000008a700000|  0%| F|  |TAMS 0x000000008a600000, 0x000000008a600000| Untracked 
|  11|0x000000008a700000, 0x000000008a700000, 0x000000008a800000|  0%| F|  |TAMS 0x000000008a700000, 0x000000008a700000| Untracked 
|  12|0x000000008a800000, 0x000000008a800000, 0x000000008a900000|  0%| F|  |TAMS 0x000000008a800000, 0x000000008a800000| Untracked 
|  13|0x000000008a900000, 0x000000008a900000, 0x000000008aa00000|  0%| F|  |TAMS 0x000000008a900000, 0x000000008a900000| Untracked 
|  14|0x000000008aa00000, 0x000000008aa00000, 0x000000008ab00000|  0%| F|  |TAMS 0x000000008aa00000, 0x000000008aa00000| Untracked 
|  15|0x000000008ab00000, 0x000000008ab00000, 0x000000008ac00000|  0%| F|  |TAMS 0x000000008ab00000, 0x000000008ab00000| Untracked 
|  16|0x000000008ac00000, 0x000000008ac00000, 0x000000008ad00000|  0%| F|  |TAMS 0x000000008ac00000, 0x000000008ac00000| Untracked 
|  17|0x000000008ad00000, 0x000000008ad00000, 0x000000008ae00000|  0%| F|  |TAMS 0x000000008ad00000, 0x000000008ad00000| Untracked 
|  18|0x000000008ae00000, 0x000000008ae00000, 0x000000008af00000|  0%| F|  |TAMS 0x000000008ae00000, 0x000000008ae00000| Untracked 
|  19|0x000000008af00000, 0x000000008af00000, 0x000000008b000000|  0%| F|  |TAMS 0x000000008af00000, 0x000000008af00000| Untracked 
|  20|0x000000008b000000, 0x000000008b000000, 0x000000008b100000|  0%| F|  |TAMS 0x000000008b000000, 0x000000008b000000| Untracked 
|  21|0x000000008b100000, 0x000000008b100000, 0x000000008b200000|  0%| F|  |TAMS 0x000000008b100000, 0x000000008b100000| Untracked 
|  22|0x000000008b200000, 0x000000008b200000, 0x000000008b300000|  0%| F|  |TAMS 0x000000008b200000, 0x000000008b200000| Untracked 
|  23|0x000000008b300000, 0x000000008b300000, 0x000000008b400000|  0%| F|  |TAMS 0x000000008b300000, 0x000000008b300000| Untracked 
|  24|0x000000008b400000, 0x000000008b400000, 0x000000008b500000|  0%| F|  |TAMS 0x000000008b400000, 0x000000008b400000| Untracked 
|  25|0x000000008b500000, 0x000000008b500000, 0x000000008b600000|  0%| F|  |TAMS 0x000000008b500000, 0x000000008b500000| Untracked 
|  26|0x000000008b600000, 0x000000008b600000, 0x000000008b700000|  0%| F|  |TAMS 0x000000008b600000, 0x000000008b600000| Untracked 
|  27|0x000000008b700000, 0x000000008b700000, 0x000000008b800000|  0%| F|  |TAMS 0x000000008b700000, 0x000000008b700000| Untracked 
|  28|0x000000008b800000, 0x000000008b800000, 0x000000008b900000|  0%| F|  |TAMS 0x000000008b800000, 0x000000008b800000| Untracked 
|  29|0x000000008b900000, 0x000000008b900000, 0x000000008ba00000|  0%| F|  |TAMS 0x000000008b900000, 0x000000008b900000| Untracked 
|  30|0x000000008ba00000, 0x000000008ba00000, 0x000000008bb00000|  0%| F|  |TAMS 0x000000008ba00000, 0x000000008ba00000| Untracked 
|  31|0x000000008bb00000, 0x000000008bb00000, 0x000000008bc00000|  0%| F|  |TAMS 0x000000008bb00000, 0x000000008bb00000| Untracked 
|  32|0x000000008bc00000, 0x000000008bc00000, 0x000000008bd00000|  0%| F|  |TAMS 0x000000008bc00000, 0x000000008bc00000| Untracked 
|  33|0x000000008bd00000, 0x000000008bd00000, 0x000000008be00000|  0%| F|  |TAMS 0x000000008bd00000, 0x000000008bd00000| Untracked 
|  34|0x000000008be00000, 0x000000008be00000, 0x000000008bf00000|  0%| F|  |TAMS 0x000000008be00000, 0x000000008be00000| Untracked 
|  35|0x000000008bf00000, 0x000000008bf00000, 0x000000008c000000|  0%| F|  |TAMS 0x000000008bf00000, 0x000000008bf00000| Untracked 
|  36|0x000000008c000000, 0x000000008c000000, 0x000000008c100000|  0%| F|  |TAMS 0x000000008c000000, 0x000000008c000000| Untracked 
|  37|0x000000008c100000, 0x000000008c100000, 0x000000008c200000|  0%| F|  |TAMS 0x000000008c100000, 0x000000008c100000| Untracked 
|  38|0x000000008c200000, 0x000000008c200000, 0x000000008c300000|  0%| F|  |TAMS 0x000000008c200000, 0x000000008c200000| Untracked 
|  39|0x000000008c300000, 0x000000008c300000, 0x000000008c400000|  0%| F|  |TAMS 0x000000008c300000, 0x000000008c300000| Untracked 
|  40|0x000000008c400000, 0x000000008c400000, 0x000000008c500000|  0%| F|  |TAMS 0x000000008c400000, 0x000000008c400000| Untracked 
|  41|0x000000008c500000, 0x000000008c500000, 0x000000008c600000|  0%| F|  |TAMS 0x000000008c500000, 0x000000008c500000| Untracked 
|  42|0x000000008c600000, 0x000000008c600000, 0x000000008c700000|  0%| F|  |TAMS 0x000000008c600000, 0x000000008c600000| Untracked 
|  43|0x000000008c700000, 0x000000008c700000, 0x000000008c800000|  0%| F|  |TAMS 0x000000008c700000, 0x000000008c700000| Untracked 
|  44|0x000000008c800000, 0x000000008c800000, 0x000000008c900000|  0%| F|  |TAMS 0x000000008c800000, 0x000000008c800000| Untracked 
|  45|0x000000008c900000, 0x000000008c900000, 0x000000008ca00000|  0%| F|  |TAMS 0x000000008c900000, 0x000000008c900000| Untracked 
|  46|0x000000008ca00000, 0x000000008ca00000, 0x000000008cb00000|  0%| F|  |TAMS 0x000000008ca00000, 0x000000008ca00000| Untracked 
|  47|0x000000008cb00000, 0x000000008cb00000, 0x000000008cc00000|  0%| F|  |TAMS 0x000000008cb00000, 0x000000008cb00000| Untracked 
|  48|0x000000008cc00000, 0x000000008cc00000, 0x000000008cd00000|  0%| F|  |TAMS 0x000000008cc00000, 0x000000008cc00000| Untracked 
|  49|0x000000008cd00000, 0x000000008cd00000, 0x000000008ce00000|  0%| F|  |TAMS 0x000000008cd00000, 0x000000008cd00000| Untracked 
|  50|0x000000008ce00000, 0x000000008ce00000, 0x000000008cf00000|  0%| F|  |TAMS 0x000000008ce00000, 0x000000008ce00000| Untracked 
|  51|0x000000008cf00000, 0x000000008cf00000, 0x000000008d000000|  0%| F|  |TAMS 0x000000008cf00000, 0x000000008cf00000| Untracked 
|  52|0x000000008d000000, 0x000000008d000000, 0x000000008d100000|  0%| F|  |TAMS 0x000000008d000000, 0x000000008d000000| Untracked 
|  53|0x000000008d100000, 0x000000008d100000, 0x000000008d200000|  0%| F|  |TAMS 0x000000008d100000, 0x000000008d100000| Untracked 
|  54|0x000000008d200000, 0x000000008d200000, 0x000000008d300000|  0%| F|  |TAMS 0x000000008d200000, 0x000000008d200000| Untracked 
|  55|0x000000008d300000, 0x000000008d300000, 0x000000008d400000|  0%| F|  |TAMS 0x000000008d300000, 0x000000008d300000| Untracked 
|  56|0x000000008d400000, 0x000000008d400000, 0x000000008d500000|  0%| F|  |TAMS 0x000000008d400000, 0x000000008d400000| Untracked 
|  57|0x000000008d500000, 0x000000008d500000, 0x000000008d600000|  0%| F|  |TAMS 0x000000008d500000, 0x000000008d500000| Untracked 
|  58|0x000000008d600000, 0x000000008d600000, 0x000000008d700000|  0%| F|  |TAMS 0x000000008d600000, 0x000000008d600000| Untracked 
|  59|0x000000008d700000, 0x000000008d700000, 0x000000008d800000|  0%| F|  |TAMS 0x000000008d700000, 0x000000008d700000| Untracked 
|  60|0x000000008d800000, 0x000000008d800000, 0x000000008d900000|  0%| F|  |TAMS 0x000000008d800000, 0x000000008d800000| Untracked 
|  61|0x000000008d900000, 0x000000008d900000, 0x000000008da00000|  0%| F|  |TAMS 0x000000008d900000, 0x000000008d900000| Untracked 
|  62|0x000000008da00000, 0x000000008da00000, 0x000000008db00000|  0%| F|  |TAMS 0x000000008da00000, 0x000000008da00000| Untracked 
|  63|0x000000008db00000, 0x000000008db00000, 0x000000008dc00000|  0%| F|  |TAMS 0x000000008db00000, 0x000000008db00000| Untracked 
|  64|0x000000008dc00000, 0x000000008dc00000, 0x000000008dd00000|  0%| F|  |TAMS 0x000000008dc00000, 0x000000008dc00000| Untracked 
|  65|0x000000008dd00000, 0x000000008dd00000, 0x000000008de00000|  0%| F|  |TAMS 0x000000008dd00000, 0x000000008dd00000| Untracked 
|  66|0x000000008de00000, 0x000000008de00000, 0x000000008df00000|  0%| F|  |TAMS 0x000000008de00000, 0x000000008de00000| Untracked 
|  67|0x000000008df00000, 0x000000008df00000, 0x000000008e000000|  0%| F|  |TAMS 0x000000008df00000, 0x000000008df00000| Untracked 
|  68|0x000000008e000000, 0x000000008e000000, 0x000000008e100000|  0%| F|  |TAMS 0x000000008e000000, 0x000000008e000000| Untracked 
|  69|0x000000008e100000, 0x000000008e100000, 0x000000008e200000|  0%| F|  |TAMS 0x000000008e100000, 0x000000008e100000| Untracked 
|  70|0x000000008e200000, 0x000000008e200000, 0x000000008e300000|  0%| F|  |TAMS 0x000000008e200000, 0x000000008e200000| Untracked 
|  71|0x000000008e300000, 0x000000008e300000, 0x000000008e400000|  0%| F|  |TAMS 0x000000008e300000, 0x000000008e300000| Untracked 
|  72|0x000000008e400000, 0x000000008e400000, 0x000000008e500000|  0%| F|  |TAMS 0x000000008e400000, 0x000000008e400000| Untracked 
|  73|0x000000008e500000, 0x000000008e500000, 0x000000008e600000|  0%| F|  |TAMS 0x000000008e500000, 0x000000008e500000| Untracked 
|  74|0x000000008e600000, 0x000000008e600000, 0x000000008e700000|  0%| F|  |TAMS 0x000000008e600000, 0x000000008e600000| Untracked 
|  75|0x000000008e700000, 0x000000008e700000, 0x000000008e800000|  0%| F|  |TAMS 0x000000008e700000, 0x000000008e700000| Untracked 
|  76|0x000000008e800000, 0x000000008e800000, 0x000000008e900000|  0%| F|  |TAMS 0x000000008e800000, 0x000000008e800000| Untracked 
|  77|0x000000008e900000, 0x000000008e900000, 0x000000008ea00000|  0%| F|  |TAMS 0x000000008e900000, 0x000000008e900000| Untracked 
|  78|0x000000008ea00000, 0x000000008ea00000, 0x000000008eb00000|  0%| F|  |TAMS 0x000000008ea00000, 0x000000008ea00000| Untracked 
|  79|0x000000008eb00000, 0x000000008eb00000, 0x000000008ec00000|  0%| F|  |TAMS 0x000000008eb00000, 0x000000008eb00000| Untracked 
|  80|0x000000008ec00000, 0x000000008ec00000, 0x000000008ed00000|  0%| F|  |TAMS 0x000000008ec00000, 0x000000008ec00000| Untracked 
|  81|0x000000008ed00000, 0x000000008ed00000, 0x000000008ee00000|  0%| F|  |TAMS 0x000000008ed00000, 0x000000008ed00000| Untracked 
|  82|0x000000008ee00000, 0x000000008ee00000, 0x000000008ef00000|  0%| F|  |TAMS 0x000000008ee00000, 0x000000008ee00000| Untracked 
|  83|0x000000008ef00000, 0x000000008ef00000, 0x000000008f000000|  0%| F|  |TAMS 0x000000008ef00000, 0x000000008ef00000| Untracked 
|  84|0x000000008f000000, 0x000000008f000000, 0x000000008f100000|  0%| F|  |TAMS 0x000000008f000000, 0x000000008f000000| Untracked 
|  85|0x000000008f100000, 0x000000008f100000, 0x000000008f200000|  0%| F|  |TAMS 0x000000008f100000, 0x000000008f100000| Untracked 
|  86|0x000000008f200000, 0x000000008f200000, 0x000000008f300000|  0%| F|  |TAMS 0x000000008f200000, 0x000000008f200000| Untracked 
|  87|0x000000008f300000, 0x000000008f300000, 0x000000008f400000|  0%| F|  |TAMS 0x000000008f300000, 0x000000008f300000| Untracked 
|  88|0x000000008f400000, 0x000000008f400000, 0x000000008f500000|  0%| F|  |TAMS 0x000000008f400000, 0x000000008f400000| Untracked 
|  89|0x000000008f500000, 0x000000008f500000, 0x000000008f600000|  0%| F|  |TAMS 0x000000008f500000, 0x000000008f500000| Untracked 
|  90|0x000000008f600000, 0x000000008f600000, 0x000000008f700000|  0%| F|  |TAMS 0x000000008f600000, 0x000000008f600000| Untracked 
|  91|0x000000008f700000, 0x000000008f700000, 0x000000008f800000|  0%| F|  |TAMS 0x000000008f700000, 0x000000008f700000| Untracked 
|  92|0x000000008f800000, 0x000000008f800000, 0x000000008f900000|  0%| F|  |TAMS 0x000000008f800000, 0x000000008f800000| Untracked 
|  93|0x000000008f900000, 0x000000008f900000, 0x000000008fa00000|  0%| F|  |TAMS 0x000000008f900000, 0x000000008f900000| Untracked 
|  94|0x000000008fa00000, 0x000000008fa00000, 0x000000008fb00000|  0%| F|  |TAMS 0x000000008fa00000, 0x000000008fa00000| Untracked 
|  95|0x000000008fb00000, 0x000000008fb00000, 0x000000008fc00000|  0%| F|  |TAMS 0x000000008fb00000, 0x000000008fb00000| Untracked 
|  96|0x000000008fc00000, 0x000000008fc00000, 0x000000008fd00000|  0%| F|  |TAMS 0x000000008fc00000, 0x000000008fc00000| Untracked 
|  97|0x000000008fd00000, 0x000000008fd00000, 0x000000008fe00000|  0%| F|  |TAMS 0x000000008fd00000, 0x000000008fd00000| Untracked 
|  98|0x000000008fe00000, 0x000000008fe00000, 0x000000008ff00000|  0%| F|  |TAMS 0x000000008fe00000, 0x000000008fe00000| Untracked 
|  99|0x000000008ff00000, 0x000000008ff00000, 0x0000000090000000|  0%| F|  |TAMS 0x000000008ff00000, 0x000000008ff00000| Untracked 
| 100|0x0000000090000000, 0x0000000090000000, 0x0000000090100000|  0%| F|  |TAMS 0x0000000090000000, 0x0000000090000000| Untracked 
| 101|0x0000000090100000, 0x0000000090100000, 0x0000000090200000|  0%| F|  |TAMS 0x0000000090100000, 0x0000000090100000| Untracked 
| 102|0x0000000090200000, 0x0000000090200000, 0x0000000090300000|  0%| F|  |TAMS 0x0000000090200000, 0x0000000090200000| Untracked 
| 103|0x0000000090300000, 0x0000000090300000, 0x0000000090400000|  0%| F|  |TAMS 0x0000000090300000, 0x0000000090300000| Untracked 
| 104|0x0000000090400000, 0x0000000090400000, 0x0000000090500000|  0%| F|  |TAMS 0x0000000090400000, 0x0000000090400000| Untracked 
| 105|0x0000000090500000, 0x0000000090500000, 0x0000000090600000|  0%| F|  |TAMS 0x0000000090500000, 0x0000000090500000| Untracked 
| 106|0x0000000090600000, 0x0000000090600000, 0x0000000090700000|  0%| F|  |TAMS 0x0000000090600000, 0x0000000090600000| Untracked 
| 107|0x0000000090700000, 0x0000000090700000, 0x0000000090800000|  0%| F|  |TAMS 0x0000000090700000, 0x0000000090700000| Untracked 
| 108|0x0000000090800000, 0x0000000090800000, 0x0000000090900000|  0%| F|  |TAMS 0x0000000090800000, 0x0000000090800000| Untracked 
| 109|0x0000000090900000, 0x0000000090900000, 0x0000000090a00000|  0%| F|  |TAMS 0x0000000090900000, 0x0000000090900000| Untracked 
| 110|0x0000000090a00000, 0x0000000090a00000, 0x0000000090b00000|  0%| F|  |TAMS 0x0000000090a00000, 0x0000000090a00000| Untracked 
| 111|0x0000000090b00000, 0x0000000090b00000, 0x0000000090c00000|  0%| F|  |TAMS 0x0000000090b00000, 0x0000000090b00000| Untracked 
| 112|0x0000000090c00000, 0x0000000090c00000, 0x0000000090d00000|  0%| F|  |TAMS 0x0000000090c00000, 0x0000000090c00000| Untracked 
| 113|0x0000000090d00000, 0x0000000090d00000, 0x0000000090e00000|  0%| F|  |TAMS 0x0000000090d00000, 0x0000000090d00000| Untracked 
| 114|0x0000000090e00000, 0x0000000090e00000, 0x0000000090f00000|  0%| F|  |TAMS 0x0000000090e00000, 0x0000000090e00000| Untracked 
| 115|0x0000000090f00000, 0x0000000090f00000, 0x0000000091000000|  0%| F|  |TAMS 0x0000000090f00000, 0x0000000090f00000| Untracked 
| 116|0x0000000091000000, 0x0000000091000000, 0x0000000091100000|  0%| F|  |TAMS 0x0000000091000000, 0x0000000091000000| Untracked 
| 117|0x0000000091100000, 0x00000000911ec0a0, 0x0000000091200000| 92%| E|  |TAMS 0x0000000091100000, 0x0000000091100000| Complete 
| 118|0x0000000091200000, 0x0000000091300000, 0x0000000091300000|100%| E|CS|TAMS 0x0000000091200000, 0x0000000091200000| Complete 
| 119|0x0000000091300000, 0x0000000091400000, 0x0000000091400000|100%| E|CS|TAMS 0x0000000091300000, 0x0000000091300000| Complete 

Card table byte_map: [0x0000025471870000,0x0000025471c30000] _byte_map_base: 0x0000025471422000

Marking Bits (Prev, Next): (CMBitMap*) 0x000002545a730710, (CMBitMap*) 0x000002545a730750
 Prev Bits: [0x0000025471ff0000, 0x0000025473d80000)
 Next Bits: [0x0000025473d80000, 0x0000025475b10000)

Polling page: 0x0000025459eb0000

Metaspace:

Usage:
  Non-class:      1.65 MB used.
      Class:    163.78 KB used.
       Both:      1.81 MB used.

Virtual space:
  Non-class space:        8.00 MB reserved,       1.69 MB ( 21%) committed,  1 nodes.
      Class space:        1.00 GB reserved,     256.00 KB ( <1%) committed,  1 nodes.
             Both:        1.01 GB reserved,       1.94 MB ( <1%) committed. 

Chunk freelists:
   Non-Class:  3.94 MB
       Class:  3.72 MB
        Both:  7.65 MB

MaxMetaspaceSize: unlimited
CompressedClassSpaceSize: 1.00 GB
Initial GC threshold: 21.00 MB
Current GC threshold: 21.00 MB
CDS: on
MetaspaceReclaimPolicy: balanced
 - commit_granule_bytes: 65536.
 - commit_granule_words: 8192.
 - virtual_space_node_default_size: 1048576.
 - enlarge_chunks_in_place: 1.
 - new_chunks_are_fully_committed: 0.
 - uncommit_free_chunks: 1.
 - use_allocation_guard: 0.
 - handle_deallocations: 1.


Internal statistics:

num_allocs_failed_limit: 0.
num_arena_births: 56.
num_arena_deaths: 0.
num_vsnodes_births: 2.
num_vsnodes_deaths: 0.
num_space_committed: 31.
num_space_uncommitted: 0.
num_chunks_returned_to_freelist: 0.
num_chunks_taken_from_freelist: 66.
num_chunk_merges: 0.
num_chunk_splits: 42.
num_chunks_enlarged: 20.
num_purges: 0.
num_inconsistent_stats: 0.

CodeHeap 'non-profiled nmethods': size=120000Kb used=119Kb max_used=119Kb free=119880Kb
 bounds [0x0000025469a30000, 0x0000025469ca0000, 0x0000025470f60000]
CodeHeap 'profiled nmethods': size=120000Kb used=467Kb max_used=467Kb free=119533Kb
 bounds [0x0000025461f60000, 0x00000254621d0000, 0x0000025469490000]
CodeHeap 'non-nmethods': size=5760Kb used=1131Kb max_used=1131Kb free=4628Kb
 bounds [0x0000025469490000, 0x0000025469700000, 0x0000025469a30000]
 total_blobs=779 nmethods=365 adapters=327
 compilation: enabled
              stopped_count=0, restarted_count=0
 full_count=0

Compilation events (20 events):
Event: 0.237 Thread 0x000002547876ce10  295       3       java.lang.StringBuilder::toString (35 bytes)
Event: 0.238 Thread 0x000002547876ce10 nmethod 295 0x0000025461fb0990 code [0x0000025461fb0b60, 0x0000025461fb0e38]
Event: 0.238 Thread 0x000002547876ce10  293       3       jdk.internal.org.objectweb.asm.Frame::push (109 bytes)
Event: 0.238 Thread 0x000002547876ce10 nmethod 293 0x0000025461fb0f10 code [0x0000025461fb10e0, 0x0000025461fb1668]
Event: 0.238 Thread 0x000002547876ce10  300       3       java.lang.invoke.LambdaForm$Name::initIndex (26 bytes)
Event: 0.238 Thread 0x000002547876ce10 nmethod 300 0x0000025461fb1810 code [0x0000025461fb19a0, 0x0000025461fb1b58]
Event: 0.238 Thread 0x000002547876ce10  299       3       java.lang.Class::getName (18 bytes)
Event: 0.238 Thread 0x000002547876ce10 nmethod 299 0x0000025461fb1c10 code [0x0000025461fb1dc0, 0x0000025461fb1f48]
Event: 0.238 Thread 0x000002547876ce10  297       3       java.lang.ref.Reference::<init> (25 bytes)
Event: 0.239 Thread 0x000002547876ce10 nmethod 297 0x0000025461fb2010 code [0x0000025461fb21c0, 0x0000025461fb2438]
Event: 0.239 Thread 0x000002547876ce10  302       1       java.lang.invoke.LambdaForm$BasicType::basicTypeClass (5 bytes)
Event: 0.239 Thread 0x000002547876ce10 nmethod 302 0x0000025469a49210 code [0x0000025469a493a0, 0x0000025469a49478]
Event: 0.239 Thread 0x000002547876ce10  305       3       java.lang.invoke.LambdaForm$Name::<init> (54 bytes)
Event: 0.240 Thread 0x000002547876ce10 nmethod 305 0x0000025461fb2510 code [0x0000025461fb26c0, 0x0000025461fb2978]
Event: 0.240 Thread 0x000002547876ce10  304       3       java.lang.invoke.LambdaForm::parameter (38 bytes)
Event: 0.240 Thread 0x000002547876ce10 nmethod 304 0x0000025461fb2a10 code [0x0000025461fb2ba0, 0x0000025461fb2cd8]
Event: 0.240 Thread 0x000002547876ce10  306       3       java.lang.invoke.LambdaForm$NamedFunction::methodType (23 bytes)
Event: 0.240 Thread 0x000002547876ce10 nmethod 306 0x0000025461fb2d90 code [0x0000025461fb2f40, 0x0000025461fb3188]
Event: 0.240 Thread 0x000002547876ce10  309       3       jdk.internal.org.objectweb.asm.Frame::execute (2305 bytes)
Event: 0.245 Thread 0x0000025478764050  313       4       jdk.internal.org.objectweb.asm.SymbolTable::get (13 bytes)

GC Heap History (0 events):
No events

Deoptimization events (4 events):
Event: 0.176 Thread 0x000002545a6d9fb0 Uncommon trap: trap_request=0xffffff45 fr.pc=0x0000025469a3dfa8 relative=0x0000000000000748
Event: 0.176 Thread 0x000002545a6d9fb0 Uncommon trap: reason=unstable_if action=reinterpret pc=0x0000025469a3dfa8 method=java.util.HashMap.putVal(ILjava/lang/Object;Ljava/lang/Object;ZZ)Ljava/lang/Object; @ 81 c2
Event: 0.176 Thread 0x000002545a6d9fb0 DEOPT PACKING pc=0x0000025469a3dfa8 sp=0x000000ed3aefe640
Event: 0.176 Thread 0x000002545a6d9fb0 DEOPT UNPACKING pc=0x00000254694e23a3 sp=0x000000ed3aefe5e0 mode 2

Classes unloaded (0 events):
No events

Classes redefined (0 events):
No events

Internal exceptions (6 events):
Event: 0.124 Thread 0x000002545a6d9fb0 Exception <a 'sun/nio/fs/WindowsException'{0x000000009123fc30}> (0x000000009123fc30) 
thrown [s\open\src\hotspot\share\prims\jni.cpp, line 516]
Event: 0.124 Thread 0x000002545a6d9fb0 Exception <a 'sun/nio/fs/WindowsException'{0x00000000912401e0}> (0x00000000912401e0) 
thrown [s\open\src\hotspot\share\prims\jni.cpp, line 516]
Event: 0.127 Thread 0x000002545a6d9fb0 Exception <a 'sun/nio/fs/WindowsException'{0x0000000091242778}> (0x0000000091242778) 
thrown [s\open\src\hotspot\share\prims\jni.cpp, line 516]
Event: 0.128 Thread 0x000002545a6d9fb0 Exception <a 'sun/nio/fs/WindowsException'{0x0000000091243300}> (0x0000000091243300) 
thrown [s\open\src\hotspot\share\prims\jni.cpp, line 516]
Event: 0.204 Thread 0x000002545a6d9fb0 Exception <a 'java/lang/ClassNotFoundException'{0x0000000091110a98}: sun/awt/resources/spi/awtProvider> (0x0000000091110a98) 
thrown [s\open\src\hotspot\share\classfile\systemDictionary.cpp, line 256]
Event: 0.242 Thread 0x000002545a6d9fb0 Exception <a 'java/io/FileNotFoundException'{0x0000000091162e60}> (0x0000000091162e60) 
thrown [s\open\src\hotspot\share\prims\jni.cpp, line 516]

VM Operations (2 events):
Event: 0.130 Executing VM operation: HandshakeAllThreads
Event: 0.130 Executing VM operation: HandshakeAllThreads done

Events (20 events):
Event: 0.206 loading class java/net/SocketPermission done
Event: 0.210 loading class sun/awt/resources/awt
Event: 0.211 loading class sun/awt/resources/awt done
Event: 0.211 loading class java/util/ResourceBundle$BundleReference
Event: 0.211 loading class java/util/ResourceBundle$BundleReference done
Event: 0.212 loading class sun/awt/resources/awt_en
Event: 0.212 loading class sun/awt/resources/awt_en done
Event: 0.212 loading class sun/awt/resources/awt_en
Event: 0.212 loading class sun/awt/resources/awt_en done
Event: 0.215 loading class sun/awt/resources/awt_en_AE
Event: 0.215 loading class sun/awt/resources/awt_en_AE done
Event: 0.215 loading class sun/awt/resources/awt_en_AE
Event: 0.216 loading class sun/awt/resources/awt_en_AE done
Event: 0.216 loading class java/awt/Toolkit$2
Event: 0.216 loading class java/awt/Toolkit$2 done
Event: 0.220 Loaded shared library C:\Program Files\Java\jdk-17\bin\awt.dll
Event: 0.220 loading class java/awt/Toolkit$1
Event: 0.220 loading class java/awt/Toolkit$1 done
Event: 0.242 loading class java/io/FileNotFoundException
Event: 0.242 loading class java/io/FileNotFoundException done


Dynamic libraries:
0x00007ff736060000 - 0x00007ff736070000 	C:\Program Files\Java\jdk-17\bin\java.exe
0x00007ffc1bd10000 - 0x00007ffc1bf24000 	C:\WINDOWS\SYSTEM32\ntdll.dll
0x00007ffc1a960000 - 0x00007ffc1aa22000 	C:\WINDOWS\System32\KERNEL32.DLL
0x00007ffc19110000 - 0x00007ffc194b3000 	C:\WINDOWS\System32\KERNELBASE.dll
0x00007ffc19890000 - 0x00007ffc199a1000 	C:\WINDOWS\System32\ucrtbase.dll
0x00007ffc16db0000 - 0x00007ffc16dcb000 	C:\Program Files\Java\jdk-17\bin\VCRUNTIME140.dll
0x00007ffc16d50000 - 0x00007ffc16d69000 	C:\Program Files\Java\jdk-17\bin\jli.dll
0x00007ffc1bb20000 - 0x00007ffc1bbce000 	C:\WINDOWS\System32\ADVAPI32.dll
0x00007ffc1b410000 - 0x00007ffc1b4b7000 	C:\WINDOWS\System32\msvcrt.dll
0x00007ffc1b540000 - 0x00007ffc1b5e4000 	C:\WINDOWS\System32\sechost.dll
0x00007ffc19f30000 - 0x00007ffc1a047000 	C:\WINDOWS\System32\RPCRT4.dll
0x00007ffc1a330000 - 0x00007ffc1a4da000 	C:\WINDOWS\System32\USER32.dll
0x00007ffc194c0000 - 0x00007ffc194e6000 	C:\WINDOWS\System32\win32u.dll
0x00007ffc1b4c0000 - 0x00007ffc1b4e9000 	C:\WINDOWS\System32\GDI32.dll
0x00007ffc194f0000 - 0x00007ffc19609000 	C:\WINDOWS\System32\gdi32full.dll
0x00007ffc0f040000 - 0x00007ffc0f2ce000 	C:\WINDOWS\WinSxS\amd64_microsoft.windows.common-controls_6595b64144ccf1df_6.0.22621.1635_none_270f70857386168e\COMCTL32.dll
0x00007ffc197f0000 - 0x00007ffc1988a000 	C:\WINDOWS\System32\msvcp_win.dll
0x00007ffc11330000 - 0x00007ffc1133a000 	C:\WINDOWS\SYSTEM32\VERSION.dll
0x00007ffc1b4f0000 - 0x00007ffc1b521000 	C:\WINDOWS\System32\IMM32.DLL
0x00007ffc16cb0000 - 0x00007ffc16cbc000 	C:\Program Files\Java\jdk-17\bin\vcruntime140_1.dll
0x00007ffbfa4e0000 - 0x00007ffbfa56e000 	C:\Program Files\Java\jdk-17\bin\msvcp140.dll
0x00007ffbb8ee0000 - 0x00007ffbb9abd000 	C:\Program Files\Java\jdk-17\bin\server\jvm.dll
0x00007ffc1b530000 - 0x00007ffc1b538000 	C:\WINDOWS\System32\PSAPI.DLL
0x00007ffc05c40000 - 0x00007ffc05c49000 	C:\WINDOWS\SYSTEM32\WSOCK32.dll
0x00007ffc19e70000 - 0x00007ffc19ee1000 	C:\WINDOWS\System32\WS2_32.dll
0x00007ffc12820000 - 0x00007ffc12854000 	C:\WINDOWS\SYSTEM32\WINMM.dll
0x00007ffc18220000 - 0x00007ffc18238000 	C:\WINDOWS\SYSTEM32\kernel.appcore.dll
0x00007ffc16c00000 - 0x00007ffc16c0a000 	C:\Program Files\Java\jdk-17\bin\jimage.dll
0x00007ffc16990000 - 0x00007ffc16bbe000 	C:\WINDOWS\SYSTEM32\DBGHELP.DLL
0x00007ffc1a5d0000 - 0x00007ffc1a959000 	C:\WINDOWS\System32\combase.dll
0x00007ffc1aa30000 - 0x00007ffc1ab07000 	C:\WINDOWS\System32\OLEAUT32.dll
0x00007ffc0edf0000 - 0x00007ffc0ee22000 	C:\WINDOWS\SYSTEM32\dbgcore.DLL
0x00007ffc19a70000 - 0x00007ffc19aea000 	C:\WINDOWS\System32\bcryptPrimitives.dll
0x00007ffc13130000 - 0x00007ffc13155000 	C:\Program Files\Java\jdk-17\bin\java.dll
0x00007ffbbd510000 - 0x00007ffbbd5e7000 	C:\Program Files\Java\jdk-17\bin\jsvml.dll
0x00007ffc1ab10000 - 0x00007ffc1b309000 	C:\WINDOWS\System32\SHELL32.dll
0x00007ffc170c0000 - 0x00007ffc1798e000 	C:\WINDOWS\SYSTEM32\windows.storage.dll
0x00007ffc16f80000 - 0x00007ffc170be000 	C:\WINDOWS\SYSTEM32\wintypes.dll
0x00007ffc1bbd0000 - 0x00007ffc1bcc1000 	C:\WINDOWS\System32\SHCORE.dll
0x00007ffc1a0a0000 - 0x00007ffc1a0fe000 	C:\WINDOWS\System32\shlwapi.dll
0x00007ffc19040000 - 0x00007ffc19066000 	C:\WINDOWS\SYSTEM32\profapi.dll
0x00007ffc13110000 - 0x00007ffc13129000 	C:\Program Files\Java\jdk-17\bin\net.dll
0x00007ffc14020000 - 0x00007ffc14157000 	C:\WINDOWS\SYSTEM32\WINHTTP.dll
0x00007ffc186c0000 - 0x00007ffc18729000 	C:\WINDOWS\system32\mswsock.dll
0x00007ffc130f0000 - 0x00007ffc13106000 	C:\Program Files\Java\jdk-17\bin\nio.dll
0x00007ffc11f20000 - 0x00007ffc11f38000 	C:\Program Files\Java\jdk-17\bin\zip.dll
0x00007ffbba600000 - 0x00007ffbba791000 	C:\Program Files\Java\jdk-17\bin\awt.dll
0x00007ffc15fb0000 - 0x00007ffc16047000 	C:\WINDOWS\SYSTEM32\apphelp.dll

dbghelp: loaded successfully - version: 4.0.5 - missing functions: none
symbol engine: initialized successfully - sym options: 0x614 - pdb path: .;C:\Program Files\Java\jdk-17\bin;C:\WINDOWS\SYSTEM32;C:\WINDOWS\WinSxS\amd64_microsoft.windows.common-controls_6595b64144ccf1df_6.0.22621.1635_none_270f70857386168e;C:\Program Files\Java\jdk-17\bin\server

VM Arguments:
jvm_args: -Dfile.encoding=UTF-8 --module-path=C:\Users\Asus Vivobook\Documents\NetBeansProjects\Travel Management System\build\classes 
java_command: travel.management.system.DeleteDetails
java_class_path (initial): C:\Users\Asus Vivobook\Downloads\mysql-connector-java-8.0.28.jar;C:\Users\Asus Vivobook\Documents\NetBeansProjects\Travel Management System\build\classes
Launcher Type: SUN_STANDARD

[Global flags]
     intx CICompilerCount                          = 4                                         {product} {ergonomic}
     uint ConcGCThreads                            = 3                                         {product} {ergonomic}
     uint G1ConcRefinementThreads                  = 10                                        {product} {ergonomic}
   size_t G1HeapRegionSize                         = 1048576                                   {product} {ergonomic}
    uintx GCDrainStackTargetSize                   = 64                                        {product} {ergonomic}
   size_t InitialHeapSize                          = 125829120                                 {product} {ergonomic}
   size_t MarkStackSize                            = 4194304                                   {product} {ergonomic}
   size_t MaxHeapSize                              = 1983905792                                {product} {ergonomic}
   size_t MaxNewSize                               = 1190133760                                {product} {ergonomic}
   size_t MinHeapDeltaBytes                        = 1048576                                   {product} {ergonomic}
   size_t MinHeapSize                              = 8388608                                   {product} {ergonomic}
    uintx NonNMethodCodeHeapSize                   = 5839372                                {pd product} {ergonomic}
    uintx NonProfiledCodeHeapSize                  = 122909434                              {pd product} {ergonomic}
    uintx ProfiledCodeHeapSize                     = 122909434                              {pd product} {ergonomic}
    uintx ReservedCodeCacheSize                    = 251658240                              {pd product} {ergonomic}
     bool SegmentedCodeCache                       = true                                      {product} {ergonomic}
   size_t SoftMaxHeapSize                          = 1983905792                             {manageable} {ergonomic}
     bool UseCompressedClassPointers               = true                           {product lp64_product} {ergonomic}
     bool UseCompressedOops                        = true                           {product lp64_product} {ergonomic}
     bool UseG1GC                                  = true                                      {product} {ergonomic}
     bool UseLargePagesIndividualAllocation        = false                                  {pd product} {ergonomic}

Logging:
Log output configuration:
 #0: stdout all=warning uptime,level,tags
 #1: stderr all=off uptime,level,tags

Environment Variables:
PATH=C:\Program Files\Common Files\Oracle\Java\javapath;C:\WINDOWS\system32;C:\WINDOWS;C:\WINDOWS\System32\Wbem;C:\WINDOWS\System32\WindowsPowerShell\v1.0\;C:\WINDOWS\System32\OpenSSH\;C:\Program Files\Java\jdk1.7.0_51\bin;C:\Program Files\MySQL\MySQL Shell 8.0\bin\;C:\Users\Asus Vivobook\AppData\Local\Programs\Python\Python310\Scripts\;C:\Users\Asus Vivobook\AppData\Local\Programs\Python\Python310\;C:\Users\Asus Vivobook\AppData\Local\Microsoft\WindowsApps;;C:\Users\Asus Vivobook\AppData\Local\Programs\Microsoft VS Code\bin
USERNAME=Asus Vivobook
OS=Windows_NT
PROCESSOR_IDENTIFIER=AMD64 Family 23 Model 104 Stepping 1, AuthenticAMD



---------------  S Y S T E M  ---------------

OS:
 Windows 11 , 64 bit Build 22621 (10.0.22621.1928)
OS uptime: 5 days 15:01 hours
Hyper-V role detected

CPU: total 12 (initial active 12) (12 cores per cpu, 2 threads per core) family 23 model 104 stepping 1 microcode 0x0, cx8, cmov, fxsr, ht, mmx, 3dnowpref, sse, sse2, sse3, ssse3, sse4a, sse4.1, sse4.2, popcnt, lzcnt, tsc, tscinvbit, avx, avx2, aes, clmul, bmi1, bmi2, adx, sha, fma, vzeroupper, clflush, clflushopt, hv

Memory: 4k page, system-wide physical 7563M (715M free)
TotalPageFile size 31115M (AvailPageFile size 4M)
current process WorkingSet (physical memory assigned to process): 39M, peak: 39M
current process commit charge ("private bytes"): 209M, peak: 209M

vm_info: Java HotSpot(TM) 64-Bit Server VM (17.0.7+8-LTS-224) for windows-amd64 JRE (17.0.7+8-LTS-224), built on Feb 28 2023 23:03:02 by "mach5one" with MS VC++ 17.1 (VS2022)

END.
