#
# There is insufficient memory for the Java Runtime Environment to continue.
# Native memory allocation (mmap) failed to map 65536 bytes for Failed to commit metaspace.
# Possible reasons:
#   The system is out of physical RAM or swap space
#   The process is running with CompressedOops enabled, and the Java Heap may be blocking the growth of the native heap
# Possible solutions:
#   Reduce memory load on the system
#   Increase physical memory or swap space
#   Check if swap backing store is full
#   Decrease Java heap size (-Xmx/-Xms)
#   Decrease number of Java threads
#   Decrease Java thread stack sizes (-Xss)
#   Set larger code cache with -XX:ReservedCodeCacheSize=
#   JVM is running with Unscaled Compressed Oops mode in which the Java heap is
#     placed in the first 4GB address space. The Java Heap base address is the
#     maximum limit for the native heap growth. Please use -XX:HeapBaseMinAddress
#     to set the Java Heap base and to place the Java Heap above 4GB virtual address.
# This output file may be truncated or incomplete.
#
#  Out of Memory Error (virtualSpaceNode.cpp:110), pid=30756, tid=5524
#
# JRE version: Java(TM) SE Runtime Environment (17.0.7+8) (build 17.0.7+8-LTS-224)
# Java VM: Java HotSpot(TM) 64-Bit Server VM (17.0.7+8-LTS-224, mixed mode, sharing, tiered, compressed oops, compressed class ptrs, g1 gc, windows-amd64)
# No core dump will be written. Minidumps are not enabled by default on client versions of Windows
#

---------------  S U M M A R Y ------------

Command Line: -Dfile.encoding=UTF-8 --module-path=C:\Users\Asus Vivobook\Documents\NetBeansProjects\Travel Management System\build\classes travel.management.system.DeleteDetails

Host: AMD Ryzen 5 5500U with Radeon Graphics         , 12 cores, 7G,  Windows 11 , 64 bit Build 22621 (10.0.22621.1928)
Time: Thu Jul 20 15:35:09 2023 India Standard Time elapsed time: 0.284615 seconds (0d 0h 0m 0s)

---------------  T H R E A D  ---------------

Current thread (0x00000204743f9f50):  JavaThread "main" [_thread_in_vm, id=5524, stack(0x00000072a1c00000,0x00000072a1d00000)]

Stack: [0x00000072a1c00000,0x00000072a1d00000]
Native frames: (J=compiled Java code, j=interpreted, Vv=VM code, C=native code)
V  [jvm.dll+0x676a4a]
V  [jvm.dll+0x7d74f4]
V  [jvm.dll+0x7d8c9e]
V  [jvm.dll+0x7d9303]
V  [jvm.dll+0x2452c5]
V  [jvm.dll+0x7d35fb]
V  [jvm.dll+0x61ca36]
V  [jvm.dll+0x61ca9a]
V  [jvm.dll+0x61f2bd]
V  [jvm.dll+0x61d3f6]
V  [jvm.dll+0x23ae21]
V  [jvm.dll+0x1ea127]
V  [jvm.dll+0x1dfdc1]
V  [jvm.dll+0x53cf0c]
V  [jvm.dll+0x1f06da]
V  [jvm.dll+0x75156d]
V  [jvm.dll+0x752953]
V  [jvm.dll+0x752c88]
V  [jvm.dll+0x23d78b]
V  [jvm.dll+0x23d9df]
V  [jvm.dll+0x55b008]
V  [jvm.dll+0x55ded7]
V  [jvm.dll+0x380e01]
V  [jvm.dll+0x38045f]
C  0x000002040754a602

Java frames: (J=compiled Java code, j=interpreted, Vv=VM code)
j  java.awt.color.ColorSpace$BuiltInSpace.<clinit>()V+7 java.desktop@17.0.7
v  ~StubRoutines::call_stub
j  java.awt.color.ColorSpace.getInstance(I)Ljava/awt/color/ColorSpace;+36 java.desktop@17.0.7
j  java.awt.image.DirectColorModel.<init>(IIIII)V+4 java.desktop@17.0.7
j  java.awt.image.ColorModel.getRGBdefault()Ljava/awt/image/ColorModel;+21 java.desktop@17.0.7
j  sun.java2d.NullSurfaceData.<init>()V+7 java.desktop@17.0.7
j  sun.java2d.NullSurfaceData.<clinit>()V+4 java.desktop@17.0.7
v  ~StubRoutines::call_stub
j  sun.java2d.SurfaceData.initIDs()V+0 java.desktop@17.0.7
j  sun.java2d.SurfaceData.<clinit>()V+0 java.desktop@17.0.7
v  ~StubRoutines::call_stub
j  sun.awt.windows.WToolkit.initIDs()V+0 java.desktop@17.0.7
j  sun.awt.windows.WToolkit.<clinit>()V+20 java.desktop@17.0.7
v  ~StubRoutines::call_stub
j  sun.awt.Win32GraphicsEnvironment.<clinit>()V+16 java.desktop@17.0.7
v  ~StubRoutines::call_stub
j  sun.awt.PlatformGraphicsInfo.createGE()Ljava/awt/GraphicsEnvironment;+0 java.desktop@17.0.7
j  java.awt.GraphicsEnvironment$LocalGE.createGE()Ljava/awt/GraphicsEnvironment;+0 java.desktop@17.0.7
j  java.awt.GraphicsEnvironment$LocalGE.<clinit>()V+0 java.desktop@17.0.7
v  ~StubRoutines::call_stub
j  java.awt.GraphicsEnvironment.getLocalGraphicsEnvironment()Ljava/awt/GraphicsEnvironment;+0 java.desktop@17.0.7
j  java.awt.Window.initGC(Ljava/awt/GraphicsConfiguration;)Ljava/awt/GraphicsConfiguration;+7 java.desktop@17.0.7
j  java.awt.Window.init(Ljava/awt/GraphicsConfiguration;)V+45 java.desktop@17.0.7
j  java.awt.Window.<init>()V+124 java.desktop@17.0.7
j  java.awt.Frame.<init>(Ljava/lang/String;)V+1 java.desktop@17.0.7
j  java.awt.Frame.<init>()V+3 java.desktop@17.0.7
j  javax.swing.JFrame.<init>()V+1 java.desktop@17.0.7
j  travel.management.system.DeleteDetails.<init>(Ljava/lang/String;)V+1
j  travel.management.system.DeleteDetails.main([Ljava/lang/String;)V+6
v  ~StubRoutines::call_stub

---------------  P R O C E S S  ---------------

Threads class SMR info:
_java_thread_list=0x00000204139145c0, length=12, elements={
0x00000204743f9f50, 0x000002047f6d2330, 0x000002047f6d6a10, 0x000002047f6e6a80,
0x000002047f6e7040, 0x000002047f6e8a10, 0x000002047f6ecfe0, 0x000002047f6ed980,
0x000002047f6eef50, 0x000002047f6f2960, 0x000002041386fc50, 0x0000020413914a40
}

Java Threads: ( => current thread )
=>0x00000204743f9f50 JavaThread "main" [_thread_in_vm, id=5524, stack(0x00000072a1c00000,0x00000072a1d00000)]
  0x000002047f6d2330 JavaThread "Reference Handler" daemon [_thread_blocked, id=32264, stack(0x00000072a2300000,0x00000072a2400000)]
  0x000002047f6d6a10 JavaThread "Finalizer" daemon [_thread_blocked, id=16632, stack(0x00000072a2400000,0x00000072a2500000)]
  0x000002047f6e6a80 JavaThread "Signal Dispatcher" daemon [_thread_blocked, id=9936, stack(0x00000072a2500000,0x00000072a2600000)]
  0x000002047f6e7040 JavaThread "Attach Listener" daemon [_thread_blocked, id=9292, stack(0x00000072a2600000,0x00000072a2700000)]
  0x000002047f6e8a10 JavaThread "Service Thread" daemon [_thread_blocked, id=16964, stack(0x00000072a2700000,0x00000072a2800000)]
  0x000002047f6ecfe0 JavaThread "Monitor Deflation Thread" daemon [_thread_blocked, id=5392, stack(0x00000072a2800000,0x00000072a2900000)]
  0x000002047f6ed980 JavaThread "C2 CompilerThread0" daemon [_thread_blocked, id=32068, stack(0x00000072a2900000,0x00000072a2a00000)]
  0x000002047f6eef50 JavaThread "C1 CompilerThread0" daemon [_thread_blocked, id=10904, stack(0x00000072a2a00000,0x00000072a2b00000)]
  0x000002047f6f2960 JavaThread "Sweeper thread" daemon [_thread_blocked, id=5464, stack(0x00000072a2b00000,0x00000072a2c00000)]
  0x000002041386fc50 JavaThread "Common-Cleaner" daemon [_thread_blocked, id=10628, stack(0x00000072a2c00000,0x00000072a2d00000)]
  0x0000020413914a40 JavaThread "Notification Thread" daemon [_thread_blocked, id=7748, stack(0x00000072a2d00000,0x00000072a2e00000)]

Other Threads:
  0x000002047f6cc890 VMThread "VM Thread" [stack: 0x00000072a2200000,0x00000072a2300000] [id=27384]
  0x00000204744b4d30 WatcherThread [stack: 0x00000072a2e00000,0x00000072a2f00000] [id=23016]
  0x0000020474451940 GCTaskThread "GC Thread#0" [stack: 0x00000072a1d00000,0x00000072a1e00000] [id=25912]
  0x0000020474461660 ConcurrentGCThread "G1 Main Marker" [stack: 0x00000072a1e00000,0x00000072a1f00000] [id=31772]
  0x0000020474463f30 ConcurrentGCThread "G1 Conc#0" [stack: 0x00000072a1f00000,0x00000072a2000000] [id=13264]
  0x00000204744cdf60 ConcurrentGCThread "G1 Refine#0" [stack: 0x00000072a2000000,0x00000072a2100000] [id=14416]
  0x00000204744ce240 ConcurrentGCThread "G1 Service" [stack: 0x00000072a2100000,0x00000072a2200000] [id=23280]

Threads with active compile tasks:

VM state: not at safepoint (normal execution)

VM Mutex/Monitor currently owned by a thread:  ([mutex/lock_event])
[0x00000204743f4de0] Metaspace_lock - owner thread: 0x00000204743f9f50

Heap address: 0x0000000089c00000, size: 1892 MB, Compressed Oops mode: 32-bit

CDS archive(s) mapped at: [0x0000000800000000-0x0000000800bd0000-0x0000000800bd0000), size 12386304, SharedBaseAddress: 0x0000000800000000, ArchiveRelocationMode: 0.
Compressed class space mapped at: 0x0000000800c00000-0x0000000840c00000, reserved size: 1073741824
Narrow klass base: 0x0000000800000000, Narrow klass shift: 0, Narrow klass range: 0x100000000

GC Precious Log:
 CPUs: 12 total, 12 available
 Memory: 7563M
 Large Page Support: Disabled
 NUMA Support: Disabled
 Compressed Oops: Enabled (32-bit)
 Heap Region Size: 1M
 Heap Min Capacity: 8M
 Heap Initial Capacity: 120M
 Heap Max Capacity: 1892M
 Pre-touch: Disabled
 Parallel Workers: 10
 Concurrent Workers: 3
 Concurrent Refinement Workers: 10
 Periodic GC: Disabled

Heap:
 garbage-first heap   total 122880K, used 2048K [0x0000000089c00000, 0x0000000100000000)
  region size 1024K, 3 young (3072K), 0 survivors (0K)
 Metaspace       used 2084K, committed 2176K, reserved 1056768K
  class space    used 187K, committed 256K, reserved 1048576K

Heap Regions: E=young(eden), S=young(survivor), O=old, HS=humongous(starts), HC=humongous(continues), CS=collection set, F=free, OA=open archive, CA=closed archive, TAMS=top-at-mark-start (previous, next)
|   0|0x0000000089c00000, 0x0000000089c00000, 0x0000000089d00000|  0%| F|  |TAMS 0x0000000089c00000, 0x0000000089c00000| Untracked 
|   1|0x0000000089d00000, 0x0000000089d00000, 0x0000000089e00000|  0%| F|  |TAMS 0x0000000089d00000, 0x0000000089d00000| Untracked 
|   2|0x0000000089e00000, 0x0000000089e00000, 0x0000000089f00000|  0%| F|  |TAMS 0x0000000089e00000, 0x0000000089e00000| Untracked 
|   3|0x0000000089f00000, 0x0000000089f00000, 0x000000008a000000|  0%| F|  |TAMS 0x0000000089f00000, 0x0000000089f00000| Untracked 
|   4|0x000000008a000000, 0x000000008a000000, 0x000000008a100000|  0%| F|  |TAMS 0x000000008a000000, 0x000000008a000000| Untracked 
|   5|0x000000008a100000, 0x000000008a100000, 0x000000008a200000|  0%| F|  |TAMS 0x000000008a100000, 0x000000008a100000| Untracked 
|   6|0x000000008a200000, 0x000000008a200000, 0x000000008a300000|  0%| F|  |TAMS 0x000000008a200000, 0x000000008a200000| Untracked 
|   7|0x000000008a300000, 0x000000008a300000, 0x000000008a400000|  0%| F|  |TAMS 0x000000008a300000, 0x000000008a300000| Untracked 
|   8|0x000000008a400000, 0x000000008a400000, 0x000000008a500000|  0%| F|  |TAMS 0x000000008a400000, 0x000000008a400000| Untracked 
|   9|0x000000008a500000, 0x000000008a500000, 0x000000008a600000|  0%| F|  |TAMS 0x000000008a500000, 0x000000008a500000| Untracked 
|  10|0x000000008a600000, 0x000000008a600000, 0x000000008a700000|  0%| F|  |TAMS 0x000000008a600000, 0x000000008a600000| Untracked 
|  11|0x000000008a700000, 0x000000008a700000, 0x000000008a800000|  0%| F|  |TAMS 0x000000008a700000, 0x000000008a700000| Untracked 
|  12|0x000000008a800000, 0x000000008a800000, 0x000000008a900000|  0%| F|  |TAMS 0x000000008a800000, 0x000000008a800000| Untracked 
|  13|0x000000008a900000, 0x000000008a900000, 0x000000008aa00000|  0%| F|  |TAMS 0x000000008a900000, 0x000000008a900000| Untracked 
|  14|0x000000008aa00000, 0x000000008aa00000, 0x000000008ab00000|  0%| F|  |TAMS 0x000000008aa00000, 0x000000008aa00000| Untracked 
|  15|0x000000008ab00000, 0x000000008ab00000, 0x000000008ac00000|  0%| F|  |TAMS 0x000000008ab00000, 0x000000008ab00000| Untracked 
|  16|0x000000008ac00000, 0x000000008ac00000, 0x000000008ad00000|  0%| F|  |TAMS 0x000000008ac00000, 0x000000008ac00000| Untracked 
|  17|0x000000008ad00000, 0x000000008ad00000, 0x000000008ae00000|  0%| F|  |TAMS 0x000000008ad00000, 0x000000008ad00000| Untracked 
|  18|0x000000008ae00000, 0x000000008ae00000, 0x000000008af00000|  0%| F|  |TAMS 0x000000008ae00000, 0x000000008ae00000| Untracked 
|  19|0x000000008af00000, 0x000000008af00000, 0x000000008b000000|  0%| F|  |TAMS 0x000000008af00000, 0x000000008af00000| Untracked 
|  20|0x000000008b000000, 0x000000008b000000, 0x000000008b100000|  0%| F|  |TAMS 0x000000008b000000, 0x000000008b000000| Untracked 
|  21|0x000000008b100000, 0x000000008b100000, 0x000000008b200000|  0%| F|  |TAMS 0x000000008b100000, 0x000000008b100000| Untracked 
|  22|0x000000008b200000, 0x000000008b200000, 0x000000008b300000|  0%| F|  |TAMS 0x000000008b200000, 0x000000008b200000| Untracked 
|  23|0x000000008b300000, 0x000000008b300000, 0x000000008b400000|  0%| F|  |TAMS 0x000000008b300000, 0x000000008b300000| Untracked 
|  24|0x000000008b400000, 0x000000008b400000, 0x000000008b500000|  0%| F|  |TAMS 0x000000008b400000, 0x000000008b400000| Untracked 
|  25|0x000000008b500000, 0x000000008b500000, 0x000000008b600000|  0%| F|  |TAMS 0x000000008b500000, 0x000000008b500000| Untracked 
|  26|0x000000008b600000, 0x000000008b600000, 0x000000008b700000|  0%| F|  |TAMS 0x000000008b600000, 0x000000008b600000| Untracked 
|  27|0x000000008b700000, 0x000000008b700000, 0x000000008b800000|  0%| F|  |TAMS 0x000000008b700000, 0x000000008b700000| Untracked 
|  28|0x000000008b800000, 0x000000008b800000, 0x000000008b900000|  0%| F|  |TAMS 0x000000008b800000, 0x000000008b800000| Untracked 
|  29|0x000000008b900000, 0x000000008b900000, 0x000000008ba00000|  0%| F|  |TAMS 0x000000008b900000, 0x000000008b900000| Untracked 
|  30|0x000000008ba00000, 0x000000008ba00000, 0x000000008bb00000|  0%| F|  |TAMS 0x000000008ba00000, 0x000000008ba00000| Untracked 
|  31|0x000000008bb00000, 0x000000008bb00000, 0x000000008bc00000|  0%| F|  |TAMS 0x000000008bb00000, 0x000000008bb00000| Untracked 
|  32|0x000000008bc00000, 0x000000008bc00000, 0x000000008bd00000|  0%| F|  |TAMS 0x000000008bc00000, 0x000000008bc00000| Untracked 
|  33|0x000000008bd00000, 0x000000008bd00000, 0x000000008be00000|  0%| F|  |TAMS 0x000000008bd00000, 0x000000008bd00000| Untracked 
|  34|0x000000008be00000, 0x000000008be00000, 0x000000008bf00000|  0%| F|  |TAMS 0x000000008be00000, 0x000000008be00000| Untracked 
|  35|0x000000008bf00000, 0x000000008bf00000, 0x000000008c000000|  0%| F|  |TAMS 0x000000008bf00000, 0x000000008bf00000| Untracked 
|  36|0x000000008c000000, 0x000000008c000000, 0x000000008c100000|  0%| F|  |TAMS 0x000000008c000000, 0x000000008c000000| Untracked 
|  37|0x000000008c100000, 0x000000008c100000, 0x000000008c200000|  0%| F|  |TAMS 0x000000008c100000, 0x000000008c100000| Untracked 
|  38|0x000000008c200000, 0x000000008c200000, 0x000000008c300000|  0%| F|  |TAMS 0x000000008c200000, 0x000000008c200000| Untracked 
|  39|0x000000008c300000, 0x000000008c300000, 0x000000008c400000|  0%| F|  |TAMS 0x000000008c300000, 0x000000008c300000| Untracked 
|  40|0x000000008c400000, 0x000000008c400000, 0x000000008c500000|  0%| F|  |TAMS 0x000000008c400000, 0x000000008c400000| Untracked 
|  41|0x000000008c500000, 0x000000008c500000, 0x000000008c600000|  0%| F|  |TAMS 0x000000008c500000, 0x000000008c500000| Untracked 
|  42|0x000000008c600000, 0x000000008c600000, 0x000000008c700000|  0%| F|  |TAMS 0x000000008c600000, 0x000000008c600000| Untracked 
|  43|0x000000008c700000, 0x000000008c700000, 0x000000008c800000|  0%| F|  |TAMS 0x000000008c700000, 0x000000008c700000| Untracked 
|  44|0x000000008c800000, 0x000000008c800000, 0x000000008c900000|  0%| F|  |TAMS 0x000000008c800000, 0x000000008c800000| Untracked 
|  45|0x000000008c900000, 0x000000008c900000, 0x000000008ca00000|  0%| F|  |TAMS 0x000000008c900000, 0x000000008c900000| Untracked 
|  46|0x000000008ca00000, 0x000000008ca00000, 0x000000008cb00000|  0%| F|  |TAMS 0x000000008ca00000, 0x000000008ca00000| Untracked 
|  47|0x000000008cb00000, 0x000000008cb00000, 0x000000008cc00000|  0%| F|  |TAMS 0x000000008cb00000, 0x000000008cb00000| Untracked 
|  48|0x000000008cc00000, 0x000000008cc00000, 0x000000008cd00000|  0%| F|  |TAMS 0x000000008cc00000, 0x000000008cc00000| Untracked 
|  49|0x000000008cd00000, 0x000000008cd00000, 0x000000008ce00000|  0%| F|  |TAMS 0x000000008cd00000, 0x000000008cd00000| Untracked 
|  50|0x000000008ce00000, 0x000000008ce00000, 0x000000008cf00000|  0%| F|  |TAMS 0x000000008ce00000, 0x000000008ce00000| Untracked 
|  51|0x000000008cf00000, 0x000000008cf00000, 0x000000008d000000|  0%| F|  |TAMS 0x000000008cf00000, 0x000000008cf00000| Untracked 
|  52|0x000000008d000000, 0x000000008d000000, 0x000000008d100000|  0%| F|  |TAMS 0x000000008d000000, 0x000000008d000000| Untracked 
|  53|0x000000008d100000, 0x000000008d100000, 0x000000008d200000|  0%| F|  |TAMS 0x000000008d100000, 0x000000008d100000| Untracked 
|  54|0x000000008d200000, 0x000000008d200000, 0x000000008d300000|  0%| F|  |TAMS 0x000000008d200000, 0x000000008d200000| Untracked 
|  55|0x000000008d300000, 0x000000008d300000, 0x000000008d400000|  0%| F|  |TAMS 0x000000008d300000, 0x000000008d300000| Untracked 
|  56|0x000000008d400000, 0x000000008d400000, 0x000000008d500000|  0%| F|  |TAMS 0x000000008d400000, 0x000000008d400000| Untracked 
|  57|0x000000008d500000, 0x000000008d500000, 0x000000008d600000|  0%| F|  |TAMS 0x000000008d500000, 0x000000008d500000| Untracked 
|  58|0x000000008d600000, 0x000000008d600000, 0x000000008d700000|  0%| F|  |TAMS 0x000000008d600000, 0x000000008d600000| Untracked 
|  59|0x000000008d700000, 0x000000008d700000, 0x000000008d800000|  0%| F|  |TAMS 0x000000008d700000, 0x000000008d700000| Untracked 
|  60|0x000000008d800000, 0x000000008d800000, 0x000000008d900000|  0%| F|  |TAMS 0x000000008d800000, 0x000000008d800000| Untracked 
|  61|0x000000008d900000, 0x000000008d900000, 0x000000008da00000|  0%| F|  |TAMS 0x000000008d900000, 0x000000008d900000| Untracked 
|  62|0x000000008da00000, 0x000000008da00000, 0x000000008db00000|  0%| F|  |TAMS 0x000000008da00000, 0x000000008da00000| Untracked 
|  63|0x000000008db00000, 0x000000008db00000, 0x000000008dc00000|  0%| F|  |TAMS 0x000000008db00000, 0x000000008db00000| Untracked 
|  64|0x000000008dc00000, 0x000000008dc00000, 0x000000008dd00000|  0%| F|  |TAMS 0x000000008dc00000, 0x000000008dc00000| Untracked 
|  65|0x000000008dd00000, 0x000000008dd00000, 0x000000008de00000|  0%| F|  |TAMS 0x000000008dd00000, 0x000000008dd00000| Untracked 
|  66|0x000000008de00000, 0x000000008de00000, 0x000000008df00000|  0%| F|  |TAMS 0x000000008de00000, 0x000000008de00000| Untracked 
|  67|0x000000008df00000, 0x000000008df00000, 0x000000008e000000|  0%| F|  |TAMS 0x000000008df00000, 0x000000008df00000| Untracked 
|  68|0x000000008e000000, 0x000000008e000000, 0x000000008e100000|  0%| F|  |TAMS 0x000000008e000000, 0x000000008e000000| Untracked 
|  69|0x000000008e100000, 0x000000008e100000, 0x000000008e200000|  0%| F|  |TAMS 0x000000008e100000, 0x000000008e100000| Untracked 
|  70|0x000000008e200000, 0x000000008e200000, 0x000000008e300000|  0%| F|  |TAMS 0x000000008e200000, 0x000000008e200000| Untracked 
|  71|0x000000008e300000, 0x000000008e300000, 0x000000008e400000|  0%| F|  |TAMS 0x000000008e300000, 0x000000008e300000| Untracked 
|  72|0x000000008e400000, 0x000000008e400000, 0x000000008e500000|  0%| F|  |TAMS 0x000000008e400000, 0x000000008e400000| Untracked 
|  73|0x000000008e500000, 0x000000008e500000, 0x000000008e600000|  0%| F|  |TAMS 0x000000008e500000, 0x000000008e500000| Untracked 
|  74|0x000000008e600000, 0x000000008e600000, 0x000000008e700000|  0%| F|  |TAMS 0x000000008e600000, 0x000000008e600000| Untracked 
|  75|0x000000008e700000, 0x000000008e700000, 0x000000008e800000|  0%| F|  |TAMS 0x000000008e700000, 0x000000008e700000| Untracked 
|  76|0x000000008e800000, 0x000000008e800000, 0x000000008e900000|  0%| F|  |TAMS 0x000000008e800000, 0x000000008e800000| Untracked 
|  77|0x000000008e900000, 0x000000008e900000, 0x000000008ea00000|  0%| F|  |TAMS 0x000000008e900000, 0x000000008e900000| Untracked 
|  78|0x000000008ea00000, 0x000000008ea00000, 0x000000008eb00000|  0%| F|  |TAMS 0x000000008ea00000, 0x000000008ea00000| Untracked 
|  79|0x000000008eb00000, 0x000000008eb00000, 0x000000008ec00000|  0%| F|  |TAMS 0x000000008eb00000, 0x000000008eb00000| Untracked 
|  80|0x000000008ec00000, 0x000000008ec00000, 0x000000008ed00000|  0%| F|  |TAMS 0x000000008ec00000, 0x000000008ec00000| Untracked 
|  81|0x000000008ed00000, 0x000000008ed00000, 0x000000008ee00000|  0%| F|  |TAMS 0x000000008ed00000, 0x000000008ed00000| Untracked 
|  82|0x000000008ee00000, 0x000000008ee00000, 0x000000008ef00000|  0%| F|  |TAMS 0x000000008ee00000, 0x000000008ee00000| Untracked 
|  83|0x000000008ef00000, 0x000000008ef00000, 0x000000008f000000|  0%| F|  |TAMS 0x000000008ef00000, 0x000000008ef00000| Untracked 
|  84|0x000000008f000000, 0x000000008f000000, 0x000000008f100000|  0%| F|  |TAMS 0x000000008f000000, 0x000000008f000000| Untracked 
|  85|0x000000008f100000, 0x000000008f100000, 0x000000008f200000|  0%| F|  |TAMS 0x000000008f100000, 0x000000008f100000| Untracked 
|  86|0x000000008f200000, 0x000000008f200000, 0x000000008f300000|  0%| F|  |TAMS 0x000000008f200000, 0x000000008f200000| Untracked 
|  87|0x000000008f300000, 0x000000008f300000, 0x000000008f400000|  0%| F|  |TAMS 0x000000008f300000, 0x000000008f300000| Untracked 
|  88|0x000000008f400000, 0x000000008f400000, 0x000000008f500000|  0%| F|  |TAMS 0x000000008f400000, 0x000000008f400000| Untracked 
|  89|0x000000008f500000, 0x000000008f500000, 0x000000008f600000|  0%| F|  |TAMS 0x000000008f500000, 0x000000008f500000| Untracked 
|  90|0x000000008f600000, 0x000000008f600000, 0x000000008f700000|  0%| F|  |TAMS 0x000000008f600000, 0x000000008f600000| Untracked 
|  91|0x000000008f700000, 0x000000008f700000, 0x000000008f800000|  0%| F|  |TAMS 0x000000008f700000, 0x000000008f700000| Untracked 
|  92|0x000000008f800000, 0x000000008f800000, 0x000000008f900000|  0%| F|  |TAMS 0x000000008f800000, 0x000000008f800000| Untracked 
|  93|0x000000008f900000, 0x000000008f900000, 0x000000008fa00000|  0%| F|  |TAMS 0x000000008f900000, 0x000000008f900000| Untracked 
|  94|0x000000008fa00000, 0x000000008fa00000, 0x000000008fb00000|  0%| F|  |TAMS 0x000000008fa00000, 0x000000008fa00000| Untracked 
|  95|0x000000008fb00000, 0x000000008fb00000, 0x000000008fc00000|  0%| F|  |TAMS 0x000000008fb00000, 0x000000008fb00000| Untracked 
|  96|0x000000008fc00000, 0x000000008fc00000, 0x000000008fd00000|  0%| F|  |TAMS 0x000000008fc00000, 0x000000008fc00000| Untracked 
|  97|0x000000008fd00000, 0x000000008fd00000, 0x000000008fe00000|  0%| F|  |TAMS 0x000000008fd00000, 0x000000008fd00000| Untracked 
|  98|0x000000008fe00000, 0x000000008fe00000, 0x000000008ff00000|  0%| F|  |TAMS 0x000000008fe00000, 0x000000008fe00000| Untracked 
|  99|0x000000008ff00000, 0x000000008ff00000, 0x0000000090000000|  0%| F|  |TAMS 0x000000008ff00000, 0x000000008ff00000| Untracked 
| 100|0x0000000090000000, 0x0000000090000000, 0x0000000090100000|  0%| F|  |TAMS 0x0000000090000000, 0x0000000090000000| Untracked 
| 101|0x0000000090100000, 0x0000000090100000, 0x0000000090200000|  0%| F|  |TAMS 0x0000000090100000, 0x0000000090100000| Untracked 
| 102|0x0000000090200000, 0x0000000090200000, 0x0000000090300000|  0%| F|  |TAMS 0x0000000090200000, 0x0000000090200000| Untracked 
| 103|0x0000000090300000, 0x0000000090300000, 0x0000000090400000|  0%| F|  |TAMS 0x0000000090300000, 0x0000000090300000| Untracked 
| 104|0x0000000090400000, 0x0000000090400000, 0x0000000090500000|  0%| F|  |TAMS 0x0000000090400000, 0x0000000090400000| Untracked 
| 105|0x0000000090500000, 0x0000000090500000, 0x0000000090600000|  0%| F|  |TAMS 0x0000000090500000, 0x0000000090500000| Untracked 
| 106|0x0000000090600000, 0x0000000090600000, 0x0000000090700000|  0%| F|  |TAMS 0x0000000090600000, 0x0000000090600000| Untracked 
| 107|0x0000000090700000, 0x0000000090700000, 0x0000000090800000|  0%| F|  |TAMS 0x0000000090700000, 0x0000000090700000| Untracked 
| 108|0x0000000090800000, 0x0000000090800000, 0x0000000090900000|  0%| F|  |TAMS 0x0000000090800000, 0x0000000090800000| Untracked 
| 109|0x0000000090900000, 0x0000000090900000, 0x0000000090a00000|  0%| F|  |TAMS 0x0000000090900000, 0x0000000090900000| Untracked 
| 110|0x0000000090a00000, 0x0000000090a00000, 0x0000000090b00000|  0%| F|  |TAMS 0x0000000090a00000, 0x0000000090a00000| Untracked 
| 111|0x0000000090b00000, 0x0000000090b00000, 0x0000000090c00000|  0%| F|  |TAMS 0x0000000090b00000, 0x0000000090b00000| Untracked 
| 112|0x0000000090c00000, 0x0000000090c00000, 0x0000000090d00000|  0%| F|  |TAMS 0x0000000090c00000, 0x0000000090c00000| Untracked 
| 113|0x0000000090d00000, 0x0000000090d00000, 0x0000000090e00000|  0%| F|  |TAMS 0x0000000090d00000, 0x0000000090d00000| Untracked 
| 114|0x0000000090e00000, 0x0000000090e00000, 0x0000000090f00000|  0%| F|  |TAMS 0x0000000090e00000, 0x0000000090e00000| Untracked 
| 115|0x0000000090f00000, 0x0000000090f00000, 0x0000000091000000|  0%| F|  |TAMS 0x0000000090f00000, 0x0000000090f00000| Untracked 
| 116|0x0000000091000000, 0x0000000091000000, 0x0000000091100000|  0%| F|  |TAMS 0x0000000091000000, 0x0000000091000000| Untracked 
| 117|0x0000000091100000, 0x00000000911ec0a8, 0x0000000091200000| 92%| E|  |TAMS 0x0000000091100000, 0x0000000091100000| Complete 
| 118|0x0000000091200000, 0x0000000091300000, 0x0000000091300000|100%| E|CS|TAMS 0x0000000091200000, 0x0000000091200000| Complete 
| 119|0x0000000091300000, 0x0000000091400000, 0x0000000091400000|100%| E|CS|TAMS 0x0000000091300000, 0x0000000091300000| Complete 

Card table byte_map: [0x000002047c5a0000,0x000002047c960000] _byte_map_base: 0x000002047c152000

Marking Bits (Prev, Next): (CMBitMap*) 0x0000020474451f50, (CMBitMap*) 0x0000020474451f90
 Prev Bits: [0x000002047cd20000, 0x000002047eab0000)
 Next Bits: [0x000002040f000000, 0x0000020410d90000)

Polling page: 0x00000204723c0000

Metaspace:

Usage:
  Non-class:      1.85 MB used.
      Class:    187.70 KB used.
       Both:      2.04 MB used.

Virtual space:
  Non-class space:        8.00 MB reserved,       1.88 MB ( 23%) committed,  1 nodes.
      Class space:        1.00 GB reserved,     256.00 KB ( <1%) committed,  1 nodes.
             Both:        1.01 GB reserved,       2.12 MB ( <1%) committed. 

Chunk freelists:
   Non-Class:  3.94 MB
       Class:  3.72 MB
        Both:  7.65 MB

MaxMetaspaceSize: unlimited
CompressedClassSpaceSize: 1.00 GB
Initial GC threshold: 21.00 MB
Current GC threshold: 21.00 MB
CDS: on
MetaspaceReclaimPolicy: balanced
 - commit_granule_bytes: 65536.
 - commit_granule_words: 8192.
 - virtual_space_node_default_size: 1048576.
 - enlarge_chunks_in_place: 1.
 - new_chunks_are_fully_committed: 0.
 - uncommit_free_chunks: 1.
 - use_allocation_guard: 0.
 - handle_deallocations: 1.


Internal statistics:

num_allocs_failed_limit: 0.
num_arena_births: 56.
num_arena_deaths: 0.
num_vsnodes_births: 2.
num_vsnodes_deaths: 0.
num_space_committed: 34.
num_space_uncommitted: 0.
num_chunks_returned_to_freelist: 0.
num_chunks_taken_from_freelist: 66.
num_chunk_merges: 0.
num_chunk_splits: 42.
num_chunks_enlarged: 20.
num_purges: 0.
num_inconsistent_stats: 0.

CodeHeap 'non-profiled nmethods': size=120000Kb used=120Kb max_used=120Kb free=119879Kb
 bounds [0x0000020407ad0000, 0x0000020407d40000, 0x000002040f000000]
CodeHeap 'profiled nmethods': size=120000Kb used=470Kb max_used=470Kb free=119529Kb
 bounds [0x0000020400000000, 0x0000020400270000, 0x0000020407530000]
CodeHeap 'non-nmethods': size=5760Kb used=1135Kb max_used=1145Kb free=4624Kb
 bounds [0x0000020407530000, 0x00000204077a0000, 0x0000020407ad0000]
 total_blobs=786 nmethods=367 adapters=332
 compilation: enabled
              stopped_count=0, restarted_count=0
 full_count=0

Compilation events (20 events):
Event: 0.268 Thread 0x000002047f6eef50 nmethod 352 0x000002040006cd10 code [0x000002040006d020, 0x000002040006deb8]
Event: 0.268 Thread 0x000002047f6eef50  356       3       java.lang.invoke.LambdaForm$Name::<init> (44 bytes)
Event: 0.268 Thread 0x000002047f6ed980 nmethod 355 0x0000020407aed290 code [0x0000020407aed400, 0x0000020407aed4b8]
Event: 0.269 Thread 0x000002047f6eef50 nmethod 356 0x000002040006e390 code [0x000002040006e5a0, 0x000002040006eb68]
Event: 0.269 Thread 0x000002047f6eef50  357       3       java.lang.invoke.LambdaForm$NamedFunction::returnType (11 bytes)
Event: 0.269 Thread 0x000002047f6eef50 nmethod 357 0x000002040006ee90 code [0x000002040006f080, 0x000002040006f4e8]
Event: 0.269 Thread 0x000002047f6eef50  351       3       jdk.internal.org.objectweb.asm.Frame::push (59 bytes)
Event: 0.270 Thread 0x000002047f6eef50 nmethod 351 0x000002040006f710 code [0x000002040006f940, 0x0000020400070098]
Event: 0.270 Thread 0x000002047f6eef50  362       3       java.lang.invoke.MemberName::getInvocationType (56 bytes)
Event: 0.271 Thread 0x000002047f6eef50 nmethod 362 0x0000020400070390 code [0x00000204000705c0, 0x0000020400070ee8]
Event: 0.271 Thread 0x000002047f6eef50  363       3       java.lang.invoke.InvokerBytecodeGenerator::emitPushArgument (150 bytes)
Event: 0.272 Thread 0x000002047f6eef50 nmethod 363 0x0000020400071190 code [0x0000020400071460, 0x0000020400072348]
Event: 0.272 Thread 0x000002047f6eef50  368       3       java.util.HashMap::putVal (300 bytes)
Event: 0.274 Thread 0x000002047f6eef50 nmethod 368 0x0000020400072710 code [0x00000204000729c0, 0x0000020400073c18]
Event: 0.274 Thread 0x000002047f6eef50  364       3       java.lang.invoke.InvokerBytecodeGenerator::emitLoadInsn (21 bytes)
Event: 0.274 Thread 0x000002047f6eef50 nmethod 364 0x0000020400074110 code [0x00000204000742c0, 0x0000020400074518]
Event: 0.274 Thread 0x000002047f6eef50  365       3       java.lang.invoke.InvokerBytecodeGenerator::loadInsnOpcode (98 bytes)
Event: 0.275 Thread 0x000002047f6eef50 nmethod 365 0x0000020400074690 code [0x0000020400074900, 0x0000020400075318]
Event: 0.275 Thread 0x000002047f6eef50  353       3       java.lang.reflect.Modifier::isProtected (12 bytes)
Event: 0.275 Thread 0x000002047f6eef50 nmethod 353 0x0000020400075610 code [0x00000204000757a0, 0x00000204000758f8]

GC Heap History (0 events):
No events

Deoptimization events (4 events):
Event: 0.163 Thread 0x00000204743f9f50 Uncommon trap: trap_request=0xffffff45 fr.pc=0x0000020407adedc0 relative=0x0000000000000860
Event: 0.163 Thread 0x00000204743f9f50 Uncommon trap: reason=unstable_if action=reinterpret pc=0x0000020407adedc0 method=java.util.HashMap.putVal(ILjava/lang/Object;Ljava/lang/Object;ZZ)Ljava/lang/Object; @ 81 c2
Event: 0.163 Thread 0x00000204743f9f50 DEOPT PACKING pc=0x0000020407adedc0 sp=0x00000072a1cfe4a0
Event: 0.163 Thread 0x00000204743f9f50 DEOPT UNPACKING pc=0x00000204075823a3 sp=0x00000072a1cfe440 mode 2

Classes unloaded (0 events):
No events

Classes redefined (0 events):
No events

Internal exceptions (7 events):
Event: 0.116 Thread 0x00000204743f9f50 Exception <a 'sun/nio/fs/WindowsException'{0x000000009123fc30}> (0x000000009123fc30) 
thrown [s\open\src\hotspot\share\prims\jni.cpp, line 516]
Event: 0.116 Thread 0x00000204743f9f50 Exception <a 'sun/nio/fs/WindowsException'{0x00000000912401e0}> (0x00000000912401e0) 
thrown [s\open\src\hotspot\share\prims\jni.cpp, line 516]
Event: 0.120 Thread 0x00000204743f9f50 Exception <a 'sun/nio/fs/WindowsException'{0x0000000091242778}> (0x0000000091242778) 
thrown [s\open\src\hotspot\share\prims\jni.cpp, line 516]
Event: 0.120 Thread 0x00000204743f9f50 Exception <a 'sun/nio/fs/WindowsException'{0x0000000091243300}> (0x0000000091243300) 
thrown [s\open\src\hotspot\share\prims\jni.cpp, line 516]
Event: 0.189 Thread 0x00000204743f9f50 Exception <a 'java/lang/ClassNotFoundException'{0x0000000091110a98}: sun/awt/resources/spi/awtProvider> (0x0000000091110a98) 
thrown [s\open\src\hotspot\share\classfile\systemDictionary.cpp, line 256]
Event: 0.227 Thread 0x00000204743f9f50 Exception <a 'java/io/FileNotFoundException'{0x0000000091162f50}> (0x0000000091162f50) 
thrown [s\open\src\hotspot\share\prims\jni.cpp, line 516]
Event: 0.240 Thread 0x00000204743f9f50 Exception <a 'java/io/FileNotFoundException'{0x00000000911900b8}> (0x00000000911900b8) 
thrown [s\open\src\hotspot\share\prims\jni.cpp, line 516]

VM Operations (2 events):
Event: 0.123 Executing VM operation: HandshakeAllThreads
Event: 0.123 Executing VM operation: HandshakeAllThreads done

Events (20 events):
Event: 0.279 loading class sun/awt/image/PixelConverter$Rgbx done
Event: 0.279 loading class sun/awt/image/PixelConverter$Bgrx
Event: 0.279 loading class sun/awt/image/PixelConverter$Bgrx done
Event: 0.279 loading class sun/awt/image/PixelConverter$ArgbBm
Event: 0.279 loading class sun/awt/image/PixelConverter$ArgbBm done
Event: 0.279 loading class java/awt/image/ColorModel
Event: 0.279 loading class java/awt/image/ColorModel done
Event: 0.279 loading class java/awt/image/ColorModel$1
Event: 0.279 loading class java/awt/image/ColorModel$1 done
Event: 0.280 loading class java/awt/image/DirectColorModel
Event: 0.280 loading class java/awt/image/PackedColorModel
Event: 0.280 loading class java/awt/image/PackedColorModel done
Event: 0.280 loading class java/awt/image/DirectColorModel done
Event: 0.281 loading class java/awt/color/ColorSpace
Event: 0.281 loading class java/awt/color/ColorSpace done
Event: 0.281 loading class java/awt/color/ColorSpace$BuiltInSpace
Event: 0.281 loading class java/awt/color/ColorSpace$BuiltInSpace done
Event: 0.281 loading class java/awt/color/ICC_ColorSpace
Event: 0.281 loading class java/awt/color/ICC_ColorSpace done
Event: 0.281 loading class java/awt/color/ICC_Profile


Dynamic libraries:
0x00007ff736060000 - 0x00007ff736070000 	C:\Program Files\Java\jdk-17\bin\java.exe
0x00007ffc1bd10000 - 0x00007ffc1bf24000 	C:\WINDOWS\SYSTEM32\ntdll.dll
0x00007ffc1a960000 - 0x00007ffc1aa22000 	C:\WINDOWS\System32\KERNEL32.DLL
0x00007ffc19110000 - 0x00007ffc194b3000 	C:\WINDOWS\System32\KERNELBASE.dll
0x00007ffc19890000 - 0x00007ffc199a1000 	C:\WINDOWS\System32\ucrtbase.dll
0x00007ffc16d50000 - 0x00007ffc16d69000 	C:\Program Files\Java\jdk-17\bin\jli.dll
0x00007ffc1bb20000 - 0x00007ffc1bbce000 	C:\WINDOWS\System32\ADVAPI32.dll
0x00007ffc16db0000 - 0x00007ffc16dcb000 	C:\Program Files\Java\jdk-17\bin\VCRUNTIME140.dll
0x00007ffc1b410000 - 0x00007ffc1b4b7000 	C:\WINDOWS\System32\msvcrt.dll
0x00007ffc1b540000 - 0x00007ffc1b5e4000 	C:\WINDOWS\System32\sechost.dll
0x00007ffc19f30000 - 0x00007ffc1a047000 	C:\WINDOWS\System32\RPCRT4.dll
0x00007ffc1a330000 - 0x00007ffc1a4da000 	C:\WINDOWS\System32\USER32.dll
0x00007ffc194c0000 - 0x00007ffc194e6000 	C:\WINDOWS\System32\win32u.dll
0x00007ffc1b4c0000 - 0x00007ffc1b4e9000 	C:\WINDOWS\System32\GDI32.dll
0x00007ffc0f040000 - 0x00007ffc0f2ce000 	C:\WINDOWS\WinSxS\amd64_microsoft.windows.common-controls_6595b64144ccf1df_6.0.22621.1635_none_270f70857386168e\COMCTL32.dll
0x00007ffc194f0000 - 0x00007ffc19609000 	C:\WINDOWS\System32\gdi32full.dll
0x00007ffc197f0000 - 0x00007ffc1988a000 	C:\WINDOWS\System32\msvcp_win.dll
0x00007ffc11330000 - 0x00007ffc1133a000 	C:\WINDOWS\SYSTEM32\VERSION.dll
0x00007ffc1b4f0000 - 0x00007ffc1b521000 	C:\WINDOWS\System32\IMM32.DLL
0x00007ffc16cb0000 - 0x00007ffc16cbc000 	C:\Program Files\Java\jdk-17\bin\vcruntime140_1.dll
0x00007ffbfa4e0000 - 0x00007ffbfa56e000 	C:\Program Files\Java\jdk-17\bin\msvcp140.dll
0x00007ffbb8ee0000 - 0x00007ffbb9abd000 	C:\Program Files\Java\jdk-17\bin\server\jvm.dll
0x00007ffc1b530000 - 0x00007ffc1b538000 	C:\WINDOWS\System32\PSAPI.DLL
0x00007ffc12820000 - 0x00007ffc12854000 	C:\WINDOWS\SYSTEM32\WINMM.dll
0x00007ffc05c40000 - 0x00007ffc05c49000 	C:\WINDOWS\SYSTEM32\WSOCK32.dll
0x00007ffc19e70000 - 0x00007ffc19ee1000 	C:\WINDOWS\System32\WS2_32.dll
0x00007ffc18220000 - 0x00007ffc18238000 	C:\WINDOWS\SYSTEM32\kernel.appcore.dll
0x00007ffc16c00000 - 0x00007ffc16c0a000 	C:\Program Files\Java\jdk-17\bin\jimage.dll
0x00007ffc16990000 - 0x00007ffc16bbe000 	C:\WINDOWS\SYSTEM32\DBGHELP.DLL
0x00007ffc1a5d0000 - 0x00007ffc1a959000 	C:\WINDOWS\System32\combase.dll
0x00007ffc1aa30000 - 0x00007ffc1ab07000 	C:\WINDOWS\System32\OLEAUT32.dll
0x00007ffc0edf0000 - 0x00007ffc0ee22000 	C:\WINDOWS\SYSTEM32\dbgcore.DLL
0x00007ffc19a70000 - 0x00007ffc19aea000 	C:\WINDOWS\System32\bcryptPrimitives.dll
0x00007ffc13130000 - 0x00007ffc13155000 	C:\Program Files\Java\jdk-17\bin\java.dll
0x00007ffbbd510000 - 0x00007ffbbd5e7000 	C:\Program Files\Java\jdk-17\bin\jsvml.dll
0x00007ffc1ab10000 - 0x00007ffc1b309000 	C:\WINDOWS\System32\SHELL32.dll
0x00007ffc170c0000 - 0x00007ffc1798e000 	C:\WINDOWS\SYSTEM32\windows.storage.dll
0x00007ffc16f80000 - 0x00007ffc170be000 	C:\WINDOWS\SYSTEM32\wintypes.dll
0x00007ffc1bbd0000 - 0x00007ffc1bcc1000 	C:\WINDOWS\System32\SHCORE.dll
0x00007ffc1a0a0000 - 0x00007ffc1a0fe000 	C:\WINDOWS\System32\shlwapi.dll
0x00007ffc19040000 - 0x00007ffc19066000 	C:\WINDOWS\SYSTEM32\profapi.dll
0x00007ffc13110000 - 0x00007ffc13129000 	C:\Program Files\Java\jdk-17\bin\net.dll
0x00007ffc14020000 - 0x00007ffc14157000 	C:\WINDOWS\SYSTEM32\WINHTTP.dll
0x00007ffc186c0000 - 0x00007ffc18729000 	C:\WINDOWS\system32\mswsock.dll
0x00007ffc130f0000 - 0x00007ffc13106000 	C:\Program Files\Java\jdk-17\bin\nio.dll
0x00007ffc11f20000 - 0x00007ffc11f38000 	C:\Program Files\Java\jdk-17\bin\zip.dll
0x00007ffbba600000 - 0x00007ffbba791000 	C:\Program Files\Java\jdk-17\bin\awt.dll
0x00007ffc15fb0000 - 0x00007ffc16047000 	C:\WINDOWS\SYSTEM32\apphelp.dll

dbghelp: loaded successfully - version: 4.0.5 - missing functions: none
symbol engine: initialized successfully - sym options: 0x614 - pdb path: .;C:\Program Files\Java\jdk-17\bin;C:\WINDOWS\SYSTEM32;C:\WINDOWS\WinSxS\amd64_microsoft.windows.common-controls_6595b64144ccf1df_6.0.22621.1635_none_270f70857386168e;C:\Program Files\Java\jdk-17\bin\server

VM Arguments:
jvm_args: -Dfile.encoding=UTF-8 --module-path=C:\Users\Asus Vivobook\Documents\NetBeansProjects\Travel Management System\build\classes 
java_command: travel.management.system.DeleteDetails
java_class_path (initial): C:\Users\Asus Vivobook\Downloads\mysql-connector-java-8.0.28.jar;C:\Users\Asus Vivobook\Documents\NetBeansProjects\Travel Management System\build\classes
Launcher Type: SUN_STANDARD

[Global flags]
     intx CICompilerCount                          = 4                                         {product} {ergonomic}
     uint ConcGCThreads                            = 3                                         {product} {ergonomic}
     uint G1ConcRefinementThreads                  = 10                                        {product} {ergonomic}
   size_t G1HeapRegionSize                         = 1048576                                   {product} {ergonomic}
    uintx GCDrainStackTargetSize                   = 64                                        {product} {ergonomic}
   size_t InitialHeapSize                          = 125829120                                 {product} {ergonomic}
   size_t MarkStackSize                            = 4194304                                   {product} {ergonomic}
   size_t MaxHeapSize                              = 1983905792                                {product} {ergonomic}
   size_t MaxNewSize                               = 1190133760                                {product} {ergonomic}
   size_t MinHeapDeltaBytes                        = 1048576                                   {product} {ergonomic}
   size_t MinHeapSize                              = 8388608                                   {product} {ergonomic}
    uintx NonNMethodCodeHeapSize                   = 5839372                                {pd product} {ergonomic}
    uintx NonProfiledCodeHeapSize                  = 122909434                              {pd product} {ergonomic}
    uintx ProfiledCodeHeapSize                     = 122909434                              {pd product} {ergonomic}
    uintx ReservedCodeCacheSize                    = 251658240                              {pd product} {ergonomic}
     bool SegmentedCodeCache                       = true                                      {product} {ergonomic}
   size_t SoftMaxHeapSize                          = 1983905792                             {manageable} {ergonomic}
     bool UseCompressedClassPointers               = true                           {product lp64_product} {ergonomic}
     bool UseCompressedOops                        = true                           {product lp64_product} {ergonomic}
     bool UseG1GC                                  = true                                      {product} {ergonomic}
     bool UseLargePagesIndividualAllocation        = false                                  {pd product} {ergonomic}

Logging:
Log output configuration:
 #0: stdout all=warning uptime,level,tags
 #1: stderr all=off uptime,level,tags

Environment Variables:
PATH=C:\Program Files\Common Files\Oracle\Java\javapath;C:\WINDOWS\system32;C:\WINDOWS;C:\WINDOWS\System32\Wbem;C:\WINDOWS\System32\WindowsPowerShell\v1.0\;C:\WINDOWS\System32\OpenSSH\;C:\Program Files\Java\jdk1.7.0_51\bin;C:\Program Files\MySQL\MySQL Shell 8.0\bin\;C:\Users\Asus Vivobook\AppData\Local\Programs\Python\Python310\Scripts\;C:\Users\Asus Vivobook\AppData\Local\Programs\Python\Python310\;C:\Users\Asus Vivobook\AppData\Local\Microsoft\WindowsApps;;C:\Users\Asus Vivobook\AppData\Local\Programs\Microsoft VS Code\bin
USERNAME=Asus Vivobook
OS=Windows_NT
PROCESSOR_IDENTIFIER=AMD64 Family 23 Model 104 Stepping 1, AuthenticAMD



---------------  S Y S T E M  ---------------

OS:
 Windows 11 , 64 bit Build 22621 (10.0.22621.1928)
OS uptime: 5 days 15:02 hours
Hyper-V role detected

CPU: total 12 (initial active 12) (12 cores per cpu, 2 threads per core) family 23 model 104 stepping 1 microcode 0x0, cx8, cmov, fxsr, ht, mmx, 3dnowpref, sse, sse2, sse3, ssse3, sse4a, sse4.1, sse4.2, popcnt, lzcnt, tsc, tscinvbit, avx, avx2, aes, clmul, bmi1, bmi2, adx, sha, fma, vzeroupper, clflush, clflushopt, hv

Memory: 4k page, system-wide physical 7563M (706M free)
TotalPageFile size 31115M (AvailPageFile size 4M)
current process WorkingSet (physical memory assigned to process): 38M, peak: 38M
current process commit charge ("private bytes"): 209M, peak: 209M

vm_info: Java HotSpot(TM) 64-Bit Server VM (17.0.7+8-LTS-224) for windows-amd64 JRE (17.0.7+8-LTS-224), built on Feb 28 2023 23:03:02 by "mach5one" with MS VC++ 17.1 (VS2022)

END.
